#
# There is insufficient memory for the Java Runtime Environment to continue.
# Native memory allocation (mmap) failed to map 16781312 bytes for committing reserved memory.
# Possible reasons:
#   The system is out of physical RAM or swap space
#   The process is running with CompressedOops enabled, and the Java Heap may be blocking the growth of the native heap
# Possible solutions:
#   Reduce memory load on the system
#   Increase physical memory or swap space
#   Check if swap backing store is full
#   Decrease Java heap size (-Xmx/-Xms)
#   Decrease number of Java threads
#   Decrease Java thread stack sizes (-Xss)
#   Set larger code cache with -XX:ReservedCodeCacheSize=
#   JVM is running with Unscaled Compressed Oops mode in which the Java heap is
#     placed in the first 4GB address space. The Java Heap base address is the
#     maximum limit for the native heap growth. Please use -XX:HeapBaseMinAddress
#     to set the Java Heap base and to place the Java Heap above 4GB virtual address.
# This output file may be truncated or incomplete.
#
#  Out of Memory Error (os_linux.cpp:2757), pid=20624, tid=0x00007f692cfc6700
#
# JRE version: OpenJDK Runtime Environment (8.0_222-b10) (build 1.8.0_222-8u222-b10-1ubuntu1~16.04.1-b10)
# Java VM: OpenJDK 64-Bit Server VM (25.222-b10 mixed mode linux-amd64 compressed oops)
# Failed to write core dump. Core dumps have been disabled. To enable core dumping, try "ulimit -c unlimited" before starting Java again
#

---------------  T H R E A D  ---------------

Current thread (0x00007f6928075800):  VMThread [stack: 0x00007f692cec6000,0x00007f692cfc7000] [id=20638]

Stack: [0x00007f692cec6000,0x00007f692cfc7000],  sp=0x00007f692cfc5090,  free space=1020k
Native frames: (J=compiled Java code, j=interpreted, Vv=VM code, C=native code)
V  [libjvm.so+0xa7787b]
V  [libjvm.so+0x4caa8c]
V  [libjvm.so+0x8c5da8]
V  [libjvm.so+0x8bd3ee]
V  [libjvm.so+0xa73fd4]
V  [libjvm.so+0x5cf9dd]
V  [libjvm.so+0x5d093c]
V  [libjvm.so+0x5bd766]
V  [libjvm.so+0x4d27bc]
V  [libjvm.so+0x61c93f]
V  [libjvm.so+0x999c33]
V  [libjvm.so+0x4cf532]
V  [libjvm.so+0x5bbdf0]
V  [libjvm.so+0x4d10f8]
V  [libjvm.so+0x5bcd78]
V  [libjvm.so+0x45135f]
V  [libjvm.so+0xa78991]
V  [libjvm.so+0xa7e587]
V  [libjvm.so+0xa7bde7]
V  [libjvm.so+0xa7d0cf]
V  [libjvm.so+0xa7d5f2]
V  [libjvm.so+0x8c3102]

VM_Operation (0x00007f68f4640550): GenCollectForAllocation, mode: safepoint, requested by thread 0x00007f690c05b000


---------------  P R O C E S S  ---------------

Java Threads: ( => current thread )
  0x00007f690c05b000 JavaThread "Executor task launch worker for task 462" daemon [_thread_blocked, id=20916, stack(0x00007f68f4542000,0x00007f68f4643000)]
  0x00007f6914124000 JavaThread "task-result-getter-3" daemon [_thread_blocked, id=20692, stack(0x00007f68f303f000,0x00007f68f3140000)]
  0x00007f69140f2800 JavaThread "task-result-getter-2" daemon [_thread_blocked, id=20691, stack(0x00007f68f4340000,0x00007f68f4441000)]
  0x00007f69140d0000 JavaThread "task-result-getter-1" daemon [_thread_blocked, id=20686, stack(0x00007f68f4845000,0x00007f68f4946000)]
  0x00007f690c034800 JavaThread "task-result-getter-0" daemon [_thread_blocked, id=20685, stack(0x00007f68f4b46000,0x00007f68f4c47000)]
  0x00007f6909408000 JavaThread "org.apache.hadoop.fs.FileSystem$Statistics$StatisticsDataReferenceCleaner" daemon [_thread_blocked, id=20683, stack(0x00007f68f5254000,0x00007f68f5355000)]
  0x00007f6908b0a000 JavaThread "SparkListenerBus" daemon [_thread_blocked, id=20681, stack(0x00007f68f5aa2000,0x00007f68f5ba3000)]
  0x00007f6908b08000 JavaThread "context-cleaner-periodic-gc" daemon [_thread_blocked, id=20680, stack(0x00007f68f5ba3000,0x00007f68f5ca4000)]
  0x00007f6908b06000 JavaThread "Spark Context Cleaner" daemon [_thread_blocked, id=20679, stack(0x00007f68f5ca4000,0x00007f68f5da5000)]
  0x00007f6908944000 JavaThread "shuffle-server-5-1" daemon [_thread_blocked, id=20678, stack(0x00007f68f5fa5000,0x00007f68f60a6000)]
  0x00007f69088fb000 JavaThread "driver-heartbeater" daemon [_thread_blocked, id=20677, stack(0x00007f68f60a6000,0x00007f68f61a7000)]
  0x00007f690886c800 JavaThread "dag-scheduler-event-loop" daemon [_thread_blocked, id=20676, stack(0x00007f68f61a7000,0x00007f68f62a8000)]
  0x0000000000cfe800 JavaThread "netty-rpc-env-timeout" daemon [_thread_blocked, id=20675, stack(0x00007f68f62a8000,0x00007f68f63a9000)]
  0x00007f690883e800 JavaThread "Timer-0" daemon [_thread_blocked, id=20674, stack(0x00007f68f63a9000,0x00007f68f64aa000)]
  0x00007f6914070800 JavaThread "heartbeat-receiver-event-loop-thread" daemon [_thread_blocked, id=20673, stack(0x00007f68f64aa000,0x00007f68f65ab000)]
  0x00007f690887b000 JavaThread "SparkUI-37" daemon [_thread_blocked, id=20672, stack(0x00007f68f65ab000,0x00007f68f66ac000)]
  0x00007f6908879000 JavaThread "SparkUI-36" daemon [_thread_blocked, id=20671, stack(0x00007f68f66ac000,0x00007f68f67ad000)]
  0x00007f69087f2000 JavaThread "SparkUI-35" daemon [_thread_blocked, id=20670, stack(0x00007f68f67ad000,0x00007f68f68ae000)]
  0x00007f69087f0000 JavaThread "SparkUI-34" daemon [_thread_blocked, id=20669, stack(0x00007f68f68ae000,0x00007f68f69af000)]
  0x00007f69087ee800 JavaThread "SparkUI-33" daemon [_thread_blocked, id=20668, stack(0x00007f68f69af000,0x00007f68f6ab0000)]
  0x00007f6908846800 JavaThread "SparkUI-32" daemon [_thread_blocked, id=20667, stack(0x00007f68f6ab0000,0x00007f68f6bb1000)]
  0x00007f69087e9800 JavaThread "SparkUI-31-acceptor-0@4bb67c20-Spark@45718b26{HTTP/1.1}{0.0.0.0:4040}" daemon [_thread_in_native, id=20666, stack(0x00007f68f6bb1000,0x00007f68f6cb2000)]
  0x00007f69087e8800 JavaThread "SparkUI-30-selector-ServerConnectorManager@6dcd6f74/0" daemon [_thread_in_native, id=20665, stack(0x00007f68f6cb2000,0x00007f68f6db3000)]
  0x00007f6908765800 JavaThread "refresh progress" daemon [_thread_blocked, id=20663, stack(0x00007f68f6fb3000,0x00007f68f70b4000)]
  0x00007f69087c6000 JavaThread "map-output-dispatcher-7" daemon [_thread_blocked, id=20662, stack(0x00007f68f72b4000,0x00007f68f73b5000)]
  0x00007f6908791800 JavaThread "map-output-dispatcher-6" daemon [_thread_blocked, id=20661, stack(0x00007f68f73b5000,0x00007f68f74b6000)]
  0x00007f690878f800 JavaThread "map-output-dispatcher-5" daemon [_thread_blocked, id=20660, stack(0x00007f68f74b6000,0x00007f68f75b7000)]
  0x00007f690878e000 JavaThread "map-output-dispatcher-4" daemon [_thread_blocked, id=20659, stack(0x00007f68f75b7000,0x00007f68f76b8000)]
  0x00007f6908784800 JavaThread "map-output-dispatcher-3" daemon [_thread_blocked, id=20658, stack(0x00007f68f76b8000,0x00007f68f77b9000)]
  0x00007f6908783000 JavaThread "map-output-dispatcher-2" daemon [_thread_blocked, id=20657, stack(0x00007f68f77b9000,0x00007f68f78ba000)]
  0x00007f690874f000 JavaThread "map-output-dispatcher-1" daemon [_thread_blocked, id=20656, stack(0x00007f68f78ba000,0x00007f68f79bb000)]
  0x00007f690874e800 JavaThread "map-output-dispatcher-0" daemon [_thread_blocked, id=20655, stack(0x00007f68f79bb000,0x00007f68f7abc000)]
  0x00007f69086c7000 JavaThread "rpc-server-3-1" daemon [_thread_blocked, id=20654, stack(0x00007f68f7abc000,0x00007f68f7bbd000)]
  0x00007f69085a4000 JavaThread "dispatcher-event-loop-1" daemon [_thread_blocked, id=20653, stack(0x00007f68f7fcf000,0x00007f68f80d0000)]
  0x00007f69085a3800 JavaThread "dispatcher-event-loop-0" daemon [_thread_blocked, id=20652, stack(0x00007f68f88f4000,0x00007f68f89f5000)]
  0x00007f68fc4eb000 JavaThread "Thread-2" [_thread_blocked, id=20648, stack(0x00007f6918106000,0x00007f6918207000)]
  0x00007f6928da1000 JavaThread "Thread-1" [_thread_in_native, id=20647, stack(0x00007f6918207000,0x00007f6918308000)]
  0x00007f6928d91800 JavaThread "pool-1-thread-1" [_thread_blocked, id=20646, stack(0x00007f6918508000,0x00007f6918609000)]
  0x00007f69280bb000 JavaThread "Service Thread" daemon [_thread_blocked, id=20644, stack(0x00007f692c728000,0x00007f692c829000)]
  0x00007f69280b8000 JavaThread "C1 CompilerThread1" daemon [_thread_blocked, id=20643, stack(0x00007f692c829000,0x00007f692c92a000)]
  0x00007f69280b5800 JavaThread "C2 CompilerThread0" daemon [_thread_in_native, id=20642, stack(0x00007f692c92a000,0x00007f692ca2b000)]
  0x00007f69280b4000 JavaThread "Signal Dispatcher" daemon [_thread_blocked, id=20641, stack(0x00007f692ca2b000,0x00007f692cb2c000)]
  0x00007f6928082000 JavaThread "Finalizer" daemon [_thread_blocked, id=20640, stack(0x00007f692ccc4000,0x00007f692cdc5000)]
  0x00007f692807f800 JavaThread "Reference Handler" daemon [_thread_blocked, id=20639, stack(0x00007f692cdc5000,0x00007f692cec6000)]
  0x00007f6928011800 JavaThread "main" [_thread_in_native, id=20637, stack(0x00007f69316cc000,0x00007f69317cd000)]

Other Threads:
=>0x00007f6928075800 VMThread [stack: 0x00007f692cec6000,0x00007f692cfc7000] [id=20638]
  0x00007f69280be000 WatcherThread [stack: 0x00007f692c627000,0x00007f692c728000] [id=20645]

VM state:at safepoint (normal execution)

VM Mutex/Monitor currently owned by a thread:  ([mutex/lock_event])
[0x00007f692800def0] Threads_lock - owner thread: 0x00007f6928075800
[0x00007f692800e3f0] Heap_lock - owner thread: 0x00007f690c05b000

heap address: 0x00000000c0000000, size: 1024 MB, Compressed Oops mode: 32-bit
Narrow klass base: 0x0000000000000000, Narrow klass shift: 3
Compressed class space size: 1073741824 Address: 0x0000000100000000

Heap:
 def new generation   total 30336K, used 27987K [0x00000000c0000000, 0x00000000c20e0000, 0x00000000d5550000)
  eden space 27008K, 100% used [0x00000000c0000000, 0x00000000c1a60000, 0x00000000c1a60000)
  from space 3328K,  29% used [0x00000000c1da0000, 0x00000000c1e94d28, 0x00000000c20e0000)
  to   space 3328K,   7% used [0x00000000c1a60000, 0x00000000c1a9be50, 0x00000000c1da0000)
 tenured generation   total 67236K, used 55155K [0x00000000d5550000, 0x00000000d96f9000, 0x0000000100000000)
   the space 67236K,  82% used [0x00000000d5550000, 0x00000000d8b2ce78, 0x00000000d8b2d000, 0x00000000d96f9000)
 Metaspace       used 95806K, capacity 98037K, committed 99672K, reserved 1136640K
  class space    used 12441K, capacity 12810K, committed 13144K, reserved 1048576K

Card table byte_map: [0x00007f692db63000,0x00007f692dd64000] byte_map_base: 0x00007f692d563000

Polling page: 0x00007f69317d8000

CodeCache: size=245760Kb used=35424Kb max_used=35877Kb free=210335Kb
 bounds [0x00007f6919000000, 0x00007f691b350000, 0x00007f6928000000]
 total_blobs=13688 nmethods=12922 adapters=678
 compilation: enabled

Compilation events (10 events):
Event: 2995.416 Thread 0x00007f69280b8000 nmethod 15837 0x00007f691a3d4690 code [0x00007f691a3d4840, 0x00007f691a3d4cd0]
Event: 3020.532 Thread 0x00007f69280b8000 15838       2       org.apache.spark.scheduler.TaskSchedulerImpl$$anonfun$6$$anonfun$7::apply (9 bytes)
Event: 3025.106 Thread 0x00007f69280b8000 nmethod 15838 0x00007f69191b9950 code [0x00007f69191b9ae0, 0x00007f69191b9d30]
Event: 3025.240 Thread 0x00007f69280b8000 15840       2       org.apache.spark.executor.TaskMetrics$$anonfun$fromAccumulatorInfos$1::apply (12 bytes)
Event: 3028.683 Thread 0x00007f69280b8000 nmethod 15840 0x00007f691aa77f90 code [0x00007f691aa78120, 0x00007f691aa78370]
Event: 3028.851 Thread 0x00007f69280b8000 15839       2       org.apache.spark.scheduler.TaskSchedulerImpl$$anonfun$6$$anonfun$7::apply (19 bytes)
Event: 3033.325 Thread 0x00007f69280b8000 nmethod 15839 0x00007f6919208a90 code [0x00007f6919208c00, 0x00007f6919208e10]
Event: 3033.437 Thread 0x00007f69280b8000 15843       2       java.util.concurrent.locks.ReentrantLock::lock (8 bytes)
Event: 3034.881 Thread 0x00007f69280b8000 nmethod 15843 0x00007f6919bf1550 code [0x00007f6919bf16c0, 0x00007f6919bf1820]
Event: 3035.056 Thread 0x00007f69280b8000 15841       2       scala.concurrent.impl.CallbackRunnable::value_$eq (6 bytes)

GC Heap History (10 events):
Event: 2723.402 GC heap after
Heap after GC invocations=457 (full 9):
 def new generation   total 30336K, used 258K [0x00000000c0000000, 0x00000000c20e0000, 0x00000000d5550000)
  eden space 27008K,   0% used [0x00000000c0000000, 0x00000000c0000000, 0x00000000c1a60000)
  from space 3328K,   7% used [0x00000000c1da0000, 0x00000000c1de0a58, 0x00000000c20e0000)
  to   space 3328K,   0% used [0x00000000c1a60000, 0x00000000c1a60000, 0x00000000c1da0000)
 tenured generation   total 67236K, used 38771K [0x00000000d5550000, 0x00000000d96f9000, 0x0000000100000000)
   the space 67236K,  57% used [0x00000000d5550000, 0x00000000d7b2ce68, 0x00000000d7b2d000, 0x00000000d96f9000)
 Metaspace       used 95756K, capacity 97891K, committed 99288K, reserved 1136640K
  class space    used 12439K, capacity 12805K, committed 13016K, reserved 1048576K
}
Event: 2890.537 GC heap before
{Heap before GC invocations=457 (full 9):
 def new generation   total 30336K, used 26608K [0x00000000c0000000, 0x00000000c20e0000, 0x00000000d5550000)
  eden space 27008K,  97% used [0x00000000c0000000, 0x00000000c19bb8c0, 0x00000000c1a60000)
  from space 3328K,   7% used [0x00000000c1da0000, 0x00000000c1de0a58, 0x00000000c20e0000)
  to   space 3328K,   0% used [0x00000000c1a60000, 0x00000000c1a60000, 0x00000000c1da0000)
 tenured generation   total 67236K, used 38771K [0x00000000d5550000, 0x00000000d96f9000, 0x0000000100000000)
   the space 67236K,  57% used [0x00000000d5550000, 0x00000000d7b2ce68, 0x00000000d7b2d000, 0x00000000d96f9000)
 Metaspace       used 95778K, capacity 97961K, committed 99416K, reserved 1136640K
  class space    used 12440K, capacity 12807K, committed 13144K, reserved 1048576K
Event: 2891.481 GC heap after
Heap after GC invocations=458 (full 9):
 def new generation   total 30336K, used 1200K [0x00000000c0000000, 0x00000000c20e0000, 0x00000000d5550000)
  eden space 27008K,   0% used [0x00000000c0000000, 0x00000000c0000000, 0x00000000c1a60000)
  from space 3328K,  36% used [0x00000000c1a60000, 0x00000000c1b8c190, 0x00000000c1da0000)
  to   space 3328K,   0% used [0x00000000c1da0000, 0x00000000c1da0000, 0x00000000c20e0000)
 tenured generation   total 67236K, used 38771K [0x00000000d5550000, 0x00000000d96f9000, 0x0000000100000000)
   the space 67236K,  57% used [0x00000000d5550000, 0x00000000d7b2ce68, 0x00000000d7b2d000, 0x00000000d96f9000)
 Metaspace       used 95778K, capacity 97961K, committed 99416K, reserved 1136640K
  class space    used 12440K, capacity 12807K, committed 13144K, reserved 1048576K
}
Event: 2896.263 GC heap before
{Heap before GC invocations=458 (full 9):
 def new generation   total 30336K, used 28208K [0x00000000c0000000, 0x00000000c20e0000, 0x00000000d5550000)
  eden space 27008K, 100% used [0x00000000c0000000, 0x00000000c1a60000, 0x00000000c1a60000)
  from space 3328K,  36% used [0x00000000c1a60000, 0x00000000c1b8c190, 0x00000000c1da0000)
  to   space 3328K,   0% used [0x00000000c1da0000, 0x00000000c1da0000, 0x00000000c20e0000)
 tenured generation   total 67236K, used 38771K [0x00000000d5550000, 0x00000000d96f9000, 0x0000000100000000)
   the space 67236K,  57% used [0x00000000d5550000, 0x00000000d7b2ce68, 0x00000000d7b2d000, 0x00000000d96f9000)
 Metaspace       used 95778K, capacity 97961K, committed 99416K, reserved 1136640K
  class space    used 12440K, capacity 12807K, committed 13144K, reserved 1048576K
Event: 2897.026 GC heap after
Heap after GC invocations=459 (full 9):
 def new generation   total 30336K, used 972K [0x00000000c0000000, 0x00000000c20e0000, 0x00000000d5550000)
  eden space 27008K,   0% used [0x00000000c0000000, 0x00000000c0000000, 0x00000000c1a60000)
  from space 3328K,  29% used [0x00000000c1da0000, 0x00000000c1e93010, 0x00000000c20e0000)
  to   space 3328K,   0% used [0x00000000c1a60000, 0x00000000c1a60000, 0x00000000c1da0000)
 tenured generation   total 67236K, used 55155K [0x00000000d5550000, 0x00000000d96f9000, 0x0000000100000000)
   the space 67236K,  82% used [0x00000000d5550000, 0x00000000d8b2ce78, 0x00000000d8b2d000, 0x00000000d96f9000)
 Metaspace       used 95778K, capacity 97961K, committed 99416K, reserved 1136640K
  class space    used 12440K, capacity 12807K, committed 13144K, reserved 1048576K
}
Event: 2926.578 GC heap before
{Heap before GC invocations=459 (full 9):
 def new generation   total 30336K, used 27980K [0x00000000c0000000, 0x00000000c20e0000, 0x00000000d5550000)
  eden space 27008K, 100% used [0x00000000c0000000, 0x00000000c1a60000, 0x00000000c1a60000)
  from space 3328K,  29% used [0x00000000c1da0000, 0x00000000c1e93010, 0x00000000c20e0000)
  to   space 3328K,   0% used [0x00000000c1a60000, 0x00000000c1a60000, 0x00000000c1da0000)
 tenured generation   total 67236K, used 55155K [0x00000000d5550000, 0x00000000d96f9000, 0x0000000100000000)
   the space 67236K,  82% used [0x00000000d5550000, 0x00000000d8b2ce78, 0x00000000d8b2d000, 0x00000000d96f9000)
 Metaspace       used 95779K, capacity 97961K, committed 99416K, reserved 1136640K
  class space    used 12440K, capacity 12807K, committed 13144K, reserved 1048576K
Event: 2927.858 GC heap after
Heap after GC invocations=460 (full 9):
 def new generation   total 30336K, used 510K [0x00000000c0000000, 0x00000000c20e0000, 0x00000000d5550000)
  eden space 27008K,   0% used [0x00000000c0000000, 0x00000000c0000000, 0x00000000c1a60000)
  from space 3328K,  15% used [0x00000000c1a60000, 0x00000000c1adfb98, 0x00000000c1da0000)
  to   space 3328K,   0% used [0x00000000c1da0000, 0x00000000c1da0000, 0x00000000c20e0000)
 tenured generation   total 67236K, used 55155K [0x00000000d5550000, 0x00000000d96f9000, 0x0000000100000000)
   the space 67236K,  82% used [0x00000000d5550000, 0x00000000d8b2ce78, 0x00000000d8b2d000, 0x00000000d96f9000)
 Metaspace       used 95779K, capacity 97961K, committed 99416K, reserved 1136640K
  class space    used 12440K, capacity 12807K, committed 13144K, reserved 1048576K
}
Event: 3021.676 GC heap before
{Heap before GC invocations=460 (full 9):
 def new generation   total 30336K, used 27512K [0x00000000c0000000, 0x00000000c20e0000, 0x00000000d5550000)
  eden space 27008K,  99% used [0x00000000c0000000, 0x00000000c1a5e7e0, 0x00000000c1a60000)
  from space 3328K,  15% used [0x00000000c1a60000, 0x00000000c1adfb98, 0x00000000c1da0000)
  to   space 3328K,   0% used [0x00000000c1da0000, 0x00000000c1da0000, 0x00000000c20e0000)
 tenured generation   total 67236K, used 55155K [0x00000000d5550000, 0x00000000d96f9000, 0x0000000100000000)
   the space 67236K,  82% used [0x00000000d5550000, 0x00000000d8b2ce78, 0x00000000d8b2d000, 0x00000000d96f9000)
 Metaspace       used 95805K, capacity 98037K, committed 99672K, reserved 1136640K
  class space    used 12441K, capacity 12810K, committed 13144K, reserved 1048576K
Event: 3022.248 GC heap after
Heap after GC invocations=461 (full 9):
 def new generation   total 30336K, used 979K [0x00000000c0000000, 0x00000000c20e0000, 0x00000000d5550000)
  eden space 27008K,   0% used [0x00000000c0000000, 0x00000000c0000000, 0x00000000c1a60000)
  from space 3328K,  29% used [0x00000000c1da0000, 0x00000000c1e94d28, 0x00000000c20e0000)
  to   space 3328K,   0% used [0x00000000c1a60000, 0x00000000c1a60000, 0x00000000c1da0000)
 tenured generation   total 67236K, used 55155K [0x00000000d5550000, 0x00000000d96f9000, 0x0000000100000000)
   the space 67236K,  82% used [0x00000000d5550000, 0x00000000d8b2ce78, 0x00000000d8b2d000, 0x00000000d96f9000)
 Metaspace       used 95805K, capacity 98037K, committed 99672K, reserved 1136640K
  class space    used 12441K, capacity 12810K, committed 13144K, reserved 1048576K
}
Event: 3036.432 GC heap before
{Heap before GC invocations=461 (full 9):
 def new generation   total 30336K, used 27987K [0x00000000c0000000, 0x00000000c20e0000, 0x00000000d5550000)
  eden space 27008K, 100% used [0x00000000c0000000, 0x00000000c1a60000, 0x00000000c1a60000)
  from space 3328K,  29% used [0x00000000c1da0000, 0x00000000c1e94d28, 0x00000000c20e0000)
  to   space 3328K,   0% used [0x00000000c1a60000, 0x00000000c1a60000, 0x00000000c1da0000)
 tenured generation   total 67236K, used 55155K [0x00000000d5550000, 0x00000000d96f9000, 0x0000000100000000)
   the space 67236K,  82% used [0x00000000d5550000, 0x00000000d8b2ce78, 0x00000000d8b2d000, 0x00000000d96f9000)
 Metaspace       used 95806K, capacity 98037K, committed 99672K, reserved 1136640K
  class space    used 12441K, capacity 12810K, committed 13144K, reserved 1048576K

Deoptimization events (10 events):
Event: 977.675 Thread 0x00007f690c04a800 Uncommon trap: reason=bimorphic action=maybe_recompile pc=0x00007f691a967328 method=org.apache.spark.util.collection.AppendOnlyMap.changeValue(Ljava/lang/Object;Lscala/Function2;)Ljava/lang/Object; @ 160
Event: 977.675 Thread 0x00007f690c04a800 Uncommon trap: reason=bimorphic action=maybe_recompile pc=0x00007f691a967328 method=org.apache.spark.util.collection.AppendOnlyMap.changeValue(Ljava/lang/Object;Lscala/Function2;)Ljava/lang/Object; @ 160
Event: 977.688 Thread 0x00007f690c04a800 Uncommon trap: reason=class_check action=maybe_recompile pc=0x00007f691ae858b8 method=org.apache.spark.shuffle.sort.BypassMergeSortShuffleWriter.write(Lscala/collection/Iterator;)V @ 22
Event: 1140.395 Thread 0x00007f6914070800 Uncommon trap: reason=unstable_if action=reinterpret pc=0x00007f69197b51f8 method=java.util.concurrent.locks.ReentrantLock$Sync.nonfairTryAcquire(I)Z @ 34
Event: 1150.951 Thread 0x00007f6914070800 Uncommon trap: reason=unstable_if action=reinterpret pc=0x00007f691928f1cc method=scala.concurrent.impl.Promise$DefaultPromise.scala$concurrent$impl$Promise$DefaultPromise$$dispatchOrAddCallback(Lscala/concurrent/impl/CallbackRunnable;)V @ 72
Event: 1262.880 Thread 0x00007f6908846800 Uncommon trap: reason=unstable_if action=reinterpret pc=0x00007f691a9f32b0 method=java.util.concurrent.locks.ReentrantLock$Sync.nonfairTryAcquire(I)Z @ 34
Event: 1351.142 Thread 0x00007f69085a4000 Uncommon trap: reason=unstable_if action=reinterpret pc=0x00007f691ad03230 method=java.util.concurrent.locks.ReentrantLock$Sync.nonfairTryAcquire(I)Z @ 34
Event: 2871.359 Thread 0x00007f6914070800 Uncommon trap: reason=unstable_if action=reinterpret pc=0x00007f69191a06e8 method=scala.collection.immutable.Vector.initIterator(Lscala/collection/immutable/VectorIterator;)V @ 25
Event: 2993.554 Thread 0x00007f6914171000 Uncommon trap: reason=unstable_if action=reinterpret pc=0x00007f691a3e9420 method=java.util.concurrent.locks.ReentrantLock$Sync.nonfairTryAcquire(I)Z @ 34
Event: 3000.808 Thread 0x00007f6914070800 Uncommon trap: reason=unstable_if action=reinterpret pc=0x00007f691aeadbe4 method=java.util.concurrent.locks.ReentrantLock$Sync.nonfairTryAcquire(I)Z @ 34

Classes redefined (0 events):
No events

Internal exceptions (10 events):
Event: 973.871 Thread 0x00007f68fc4eb000 Exception <a 'java/lang/NoSuchMethodError': <clinit>> (0x00000000c1572190) thrown at [/build/openjdk-8-g3XteX/openjdk-8-8u222-b10/src/hotspot/src/share/vm/prims/jni.cpp, line 1615]
Event: 973.871 Thread 0x00007f68fc4eb000 Exception <a 'java/lang/NoSuchMethodError': <clinit>> (0x00000000c1582bd0) thrown at [/build/openjdk-8-g3XteX/openjdk-8-8u222-b10/src/hotspot/src/share/vm/prims/jni.cpp, line 1615]
Event: 974.089 Thread 0x00007f690c051000 Exception <a 'java/lang/NoSuchMethodError': <clinit>> (0x00000000c0502d98) thrown at [/build/openjdk-8-g3XteX/openjdk-8-8u222-b10/src/hotspot/src/share/vm/prims/jni.cpp, line 1615]
Event: 974.126 Thread 0x00007f68fc4eb000 Exception <a 'java/lang/NoSuchMethodError': <clinit>> (0x00000000c0ca9268) thrown at [/build/openjdk-8-g3XteX/openjdk-8-8u222-b10/src/hotspot/src/share/vm/prims/jni.cpp, line 1615]
Event: 974.136 Thread 0x00007f68fc4eb000 Exception <a 'java/lang/NoSuchMethodError': <clinit>> (0x00000000c128d490) thrown at [/build/openjdk-8-g3XteX/openjdk-8-8u222-b10/src/hotspot/src/share/vm/prims/jni.cpp, line 1615]
Event: 975.379 Thread 0x00007f68fc4eb000 Exception <a 'java/lang/NoSuchMethodError': <clinit>> (0x00000000c0c992a8) thrown at [/build/openjdk-8-g3XteX/openjdk-8-8u222-b10/src/hotspot/src/share/vm/prims/jni.cpp, line 1615]
Event: 975.386 Thread 0x00007f68fc4eb000 Exception <a 'java/lang/NoSuchMethodError': <clinit>> (0x00000000c0cde0a8) thrown at [/build/openjdk-8-g3XteX/openjdk-8-8u222-b10/src/hotspot/src/share/vm/prims/jni.cpp, line 1615]
Event: 977.340 Thread 0x00007f68fc4eb000 Exception <a 'java/lang/NoSuchMethodError': <clinit>> (0x00000000c0d72388) thrown at [/build/openjdk-8-g3XteX/openjdk-8-8u222-b10/src/hotspot/src/share/vm/prims/jni.cpp, line 1615]
Event: 977.340 Thread 0x00007f68fc4eb000 Exception <a 'java/lang/NoSuchMethodError': <clinit>> (0x00000000c0d772d0) thrown at [/build/openjdk-8-g3XteX/openjdk-8-8u222-b10/src/hotspot/src/share/vm/prims/jni.cpp, line 1615]
Event: 977.341 Thread 0x00007f68fc4eb000 Exception <a 'java/lang/NoSuchMethodError': <clinit>> (0x00000000c0d8ed08) thrown at [/build/openjdk-8-g3XteX/openjdk-8-8u222-b10/src/hotspot/src/share/vm/prims/jni.cpp, line 1615]

Events (10 events):
Event: 3028.766 Thread 0x00007f69280b8000 flushing nmethod 0x00007f691a3b1a10
Event: 3028.851 Thread 0x00007f69280b8000 flushing nmethod 0x00007f691a3cea10
Event: 3028.851 Thread 0x00007f69280b8000 flushing nmethod 0x00007f691a3cf1d0
Event: 3028.851 Thread 0x00007f69280b8000 flushing nmethod 0x00007f691a3db250
Event: 3033.427 Thread 0x00007f69280b8000 flushing nmethod 0x00007f691a3fc590
Event: 3033.436 Thread 0x00007f69280b8000 flushing nmethod 0x00007f691a404d10
Event: 3033.436 Thread 0x00007f69280b8000 flushing nmethod 0x00007f691a40a450
Event: 3033.436 Thread 0x00007f69280b8000 flushing nmethod 0x00007f691a497450
Event: 3033.437 Thread 0x00007f69280b8000 flushing nmethod 0x00007f691a5b8250
Event: 3036.235 Executing VM operation: GenCollectForAllocation


Dynamic libraries:
00400000-00401000 r-xp 00000000 ca:01 286273                             /usr/lib/jvm/java-8-openjdk-amd64/jre/bin/java
00600000-00601000 r--p 00000000 ca:01 286273                             /usr/lib/jvm/java-8-openjdk-amd64/jre/bin/java
00601000-00602000 rw-p 00001000 ca:01 286273                             /usr/lib/jvm/java-8-openjdk-amd64/jre/bin/java
00cdb000-00d60000 rw-p 00000000 00:00 0                                  [heap]
c0000000-c20e0000 rw-p 00000000 00:00 0 
c20e0000-d5550000 ---p 00000000 00:00 0 
d5550000-d96f9000 rw-p 00000000 00:00 0 
da6fa000-100000000 ---p 00000000 00:00 0 
100000000-100cd6000 rw-p 00000000 00:00 0 
100cd6000-140000000 ---p 00000000 00:00 0 
7f68f0a39000-7f68f0ab9000 rw-p 00000000 00:00 0 
7f68f0ab9000-7f68f0c39000 ---p 00000000 00:00 0 
7f68f0c39000-7f68f0e39000 rw-p 00000000 00:00 0 
7f68f0e39000-7f68f1039000 rw-p 00000000 00:00 0 
7f68f1039000-7f68f1239000 rw-p 00000000 00:00 0 
7f68f1239000-7f68f123c000 ---p 00000000 00:00 0 
7f68f123c000-7f68f133a000 rw-p 00000000 00:00 0 
7f68f133a000-7f68f133d000 ---p 00000000 00:00 0 
7f68f133d000-7f68f163b000 rw-p 00000000 00:00 0 
7f68f163b000-7f68f183b000 rw-p 00000000 00:00 0 
7f68f183b000-7f68f1a3b000 rw-p 00000000 00:00 0 
7f68f1a3b000-7f68f1c3b000 rw-p 00000000 00:00 0 
7f68f1c3b000-7f68f1e3b000 rw-p 00000000 00:00 0 
7f68f1e3b000-7f68f203b000 rw-p 00000000 00:00 0 
7f68f203b000-7f68f223b000 rw-p 00000000 00:00 0 
7f68f223b000-7f68f223e000 ---p 00000000 00:00 0 
7f68f223e000-7f68f233c000 rw-p 00000000 00:00 0 
7f68f233c000-7f68f233f000 ---p 00000000 00:00 0 
7f68f233f000-7f68f263d000 rw-p 00000000 00:00 0 
7f68f263d000-7f68f283d000 rw-p 00000000 00:00 0 
7f68f283d000-7f68f2a3d000 rw-p 00000000 00:00 0 
7f68f2a3d000-7f68f2c3d000 rw-p 00000000 00:00 0 
7f68f2c3d000-7f68f2c40000 ---p 00000000 00:00 0 
7f68f2c40000-7f68f2f3e000 rw-p 00000000 00:00 0 
7f68f2f3e000-7f68f2f41000 ---p 00000000 00:00 0 
7f68f2f41000-7f68f303f000 rw-p 00000000 00:00 0 
7f68f303f000-7f68f3042000 ---p 00000000 00:00 0 
7f68f3042000-7f68f3340000 rw-p 00000000 00:00 0 
7f68f3340000-7f68f3540000 rw-p 00000000 00:00 0 
7f68f3540000-7f68f3740000 rw-p 00000000 00:00 0 
7f68f3740000-7f68f3940000 rw-p 00000000 00:00 0 
7f68f3940000-7f68f3b40000 rw-p 00000000 00:00 0 
7f68f3b40000-7f68f3d40000 rw-p 00000000 00:00 0 
7f68f3d40000-7f68f3f40000 rw-p 00000000 00:00 0 
7f68f3f40000-7f68f4140000 rw-p 00000000 00:00 0 
7f68f4140000-7f68f4340000 rw-p 00000000 00:00 0 
7f68f4340000-7f68f4343000 ---p 00000000 00:00 0 
7f68f4343000-7f68f4441000 rw-p 00000000 00:00 0 
7f68f4441000-7f68f4444000 ---p 00000000 00:00 0 
7f68f4444000-7f68f4542000 rw-p 00000000 00:00 0 
7f68f4542000-7f68f4545000 ---p 00000000 00:00 0 
7f68f4545000-7f68f4643000 rw-p 00000000 00:00 0 
7f68f4643000-7f68f4646000 ---p 00000000 00:00 0 
7f68f4646000-7f68f4744000 rw-p 00000000 00:00 0 
7f68f4744000-7f68f4747000 ---p 00000000 00:00 0 
7f68f4747000-7f68f4845000 rw-p 00000000 00:00 0 
7f68f4845000-7f68f4848000 ---p 00000000 00:00 0 
7f68f4848000-7f68f4b46000 rw-p 00000000 00:00 0 
7f68f4b46000-7f68f4b49000 ---p 00000000 00:00 0 
7f68f4b49000-7f68f4e47000 rw-p 00000000 00:00 0 
7f68f4e47000-7f68f4e54000 r-xp 00000000 ca:01 5220                       /tmp/liblz4-java229973741000767576.so
7f68f4e54000-7f68f5053000 ---p 0000d000 ca:01 5220                       /tmp/liblz4-java229973741000767576.so
7f68f5053000-7f68f5054000 rw-p 0000c000 ca:01 5220                       /tmp/liblz4-java229973741000767576.so
7f68f5054000-7f68f5254000 rw-p 00000000 00:00 0 
7f68f5254000-7f68f5257000 ---p 00000000 00:00 0 
7f68f5257000-7f68f5355000 rw-p 00000000 00:00 0 
7f68f53a1000-7f68f53a4000 ---p 00000000 00:00 0 
7f68f53a4000-7f68f56a2000 rw-p 00000000 00:00 0 
7f68f56a2000-7f68f58a2000 rw-p 00000000 00:00 0 
7f68f58a2000-7f68f5aa2000 rw-p 00000000 00:00 0 
7f68f5aa2000-7f68f5aa5000 ---p 00000000 00:00 0 
7f68f5aa5000-7f68f5ba3000 rw-p 00000000 00:00 0 
7f68f5ba3000-7f68f5ba6000 ---p 00000000 00:00 0 
7f68f5ba6000-7f68f5ca4000 rw-p 00000000 00:00 0 
7f68f5ca4000-7f68f5ca7000 ---p 00000000 00:00 0 
7f68f5ca7000-7f68f5fa5000 rw-p 00000000 00:00 0 
7f68f5fa5000-7f68f5fa8000 ---p 00000000 00:00 0 
7f68f5fa8000-7f68f60a6000 rw-p 00000000 00:00 0 
7f68f60a6000-7f68f60a9000 ---p 00000000 00:00 0 
7f68f60a9000-7f68f61a7000 rw-p 00000000 00:00 0 
7f68f61a7000-7f68f61aa000 ---p 00000000 00:00 0 
7f68f61aa000-7f68f62a8000 rw-p 00000000 00:00 0 
7f68f62a8000-7f68f62ab000 ---p 00000000 00:00 0 
7f68f62ab000-7f68f63a9000 rw-p 00000000 00:00 0 
7f68f63a9000-7f68f63ac000 ---p 00000000 00:00 0 
7f68f63ac000-7f68f64aa000 rw-p 00000000 00:00 0 
7f68f64aa000-7f68f64ad000 ---p 00000000 00:00 0 
7f68f64ad000-7f68f65ab000 rw-p 00000000 00:00 0 
7f68f65ab000-7f68f65ae000 ---p 00000000 00:00 0 
7f68f65ae000-7f68f66ac000 rw-p 00000000 00:00 0 
7f68f66ac000-7f68f66af000 ---p 00000000 00:00 0 
7f68f66af000-7f68f67ad000 rw-p 00000000 00:00 0 
7f68f67ad000-7f68f67b0000 ---p 00000000 00:00 0 
7f68f67b0000-7f68f68ae000 rw-p 00000000 00:00 0 
7f68f68ae000-7f68f68b1000 ---p 00000000 00:00 0 
7f68f68b1000-7f68f69af000 rw-p 00000000 00:00 0 
7f68f69af000-7f68f69b2000 ---p 00000000 00:00 0 
7f68f69b2000-7f68f6ab0000 rw-p 00000000 00:00 0 
7f68f6ab0000-7f68f6ab3000 ---p 00000000 00:00 0 
7f68f6ab3000-7f68f6bb1000 rw-p 00000000 00:00 0 
7f68f6bb1000-7f68f6bb4000 ---p 00000000 00:00 0 
7f68f6bb4000-7f68f6cb2000 rw-p 00000000 00:00 0 
7f68f6cb2000-7f68f6cb5000 ---p 00000000 00:00 0 
7f68f6cb5000-7f68f6fb3000 rw-p 00000000 00:00 0 
7f68f6fb3000-7f68f6fb6000 ---p 00000000 00:00 0 
7f68f6fb6000-7f68f72b4000 rw-p 00000000 00:00 0 
7f68f72b4000-7f68f72b7000 ---p 00000000 00:00 0 
7f68f72b7000-7f68f73b5000 rw-p 00000000 00:00 0 
7f68f73b5000-7f68f73b8000 ---p 00000000 00:00 0 
7f68f73b8000-7f68f74b6000 rw-p 00000000 00:00 0 
7f68f74b6000-7f68f74b9000 ---p 00000000 00:00 0 
7f68f74b9000-7f68f75b7000 rw-p 00000000 00:00 0 
7f68f75b7000-7f68f75ba000 ---p 00000000 00:00 0 
7f68f75ba000-7f68f76b8000 rw-p 00000000 00:00 0 
7f68f76b8000-7f68f76bb000 ---p 00000000 00:00 0 
7f68f76bb000-7f68f77b9000 rw-p 00000000 00:00 0 
7f68f77b9000-7f68f77bc000 ---p 00000000 00:00 0 
7f68f77bc000-7f68f78ba000 rw-p 00000000 00:00 0 
7f68f78ba000-7f68f78bd000 ---p 00000000 00:00 0 
7f68f78bd000-7f68f79bb000 rw-p 00000000 00:00 0 
7f68f79bb000-7f68f79be000 ---p 00000000 00:00 0 
7f68f79be000-7f68f7abc000 rw-p 00000000 00:00 0 
7f68f7abc000-7f68f7abf000 ---p 00000000 00:00 0 
7f68f7abf000-7f68f7bbd000 rw-p 00000000 00:00 0 
7f68f7bbd000-7f68f7bce000 r-xp 00000000 ca:01 286360                     /usr/lib/jvm/java-8-openjdk-amd64/jre/lib/amd64/libnio.so
7f68f7bce000-7f68f7dcd000 ---p 00011000 ca:01 286360                     /usr/lib/jvm/java-8-openjdk-amd64/jre/lib/amd64/libnio.so
7f68f7dcd000-7f68f7dce000 r--p 00010000 ca:01 286360                     /usr/lib/jvm/java-8-openjdk-amd64/jre/lib/amd64/libnio.so
7f68f7dce000-7f68f7dcf000 rw-p 00011000 ca:01 286360                     /usr/lib/jvm/java-8-openjdk-amd64/jre/lib/amd64/libnio.so
7f68f7dcf000-7f68f7fcf000 rw-p 00000000 00:00 0 
7f68f7fcf000-7f68f7fd2000 ---p 00000000 00:00 0 
7f68f7fd2000-7f68f82d0000 rw-p 00000000 00:00 0 
7f68f82d0000-7f68f82e7000 r-xp 00000000 ca:01 1984                       /lib/x86_64-linux-gnu/libresolv-2.23.so
7f68f82e7000-7f68f84e7000 ---p 00017000 ca:01 1984                       /lib/x86_64-linux-gnu/libresolv-2.23.so
7f68f84e7000-7f68f84e8000 r--p 00017000 ca:01 1984                       /lib/x86_64-linux-gnu/libresolv-2.23.so
7f68f84e8000-7f68f84e9000 rw-p 00018000 ca:01 1984                       /lib/x86_64-linux-gnu/libresolv-2.23.so
7f68f84e9000-7f68f84eb000 rw-p 00000000 00:00 0 
7f68f84eb000-7f68f84f0000 r-xp 00000000 ca:01 1990                       /lib/x86_64-linux-gnu/libnss_dns-2.23.so
7f68f84f0000-7f68f86f0000 ---p 00005000 ca:01 1990                       /lib/x86_64-linux-gnu/libnss_dns-2.23.so
7f68f86f0000-7f68f86f1000 r--p 00005000 ca:01 1990                       /lib/x86_64-linux-gnu/libnss_dns-2.23.so
7f68f86f1000-7f68f86f2000 rw-p 00006000 ca:01 1990                       /lib/x86_64-linux-gnu/libnss_dns-2.23.so
7f68f86f2000-7f68f86f3000 r-xp 00000000 ca:01 286366                     /usr/lib/jvm/java-8-openjdk-amd64/jre/lib/amd64/libjaas_unix.so
7f68f86f3000-7f68f88f2000 ---p 00001000 ca:01 286366                     /usr/lib/jvm/java-8-openjdk-amd64/jre/lib/amd64/libjaas_unix.so
7f68f88f2000-7f68f88f3000 r--p 00000000 ca:01 286366                     /usr/lib/jvm/java-8-openjdk-amd64/jre/lib/amd64/libjaas_unix.so
7f68f88f3000-7f68f88f4000 rw-p 00001000 ca:01 286366                     /usr/lib/jvm/java-8-openjdk-amd64/jre/lib/amd64/libjaas_unix.so
7f68f88f4000-7f68f88f7000 ---p 00000000 00:00 0 
7f68f88f7000-7f68f8bf5000 rw-p 00000000 00:00 0 
7f68f8bf5000-7f68f8df5000 rw-p 00000000 00:00 0 
7f68f8df5000-7f68f8dfe000 r-xp 00000000 ca:01 286338                     /usr/lib/jvm/java-8-openjdk-amd64/jre/lib/amd64/libmanagement.so
7f68f8dfe000-7f68f8ffd000 ---p 00009000 ca:01 286338                     /usr/lib/jvm/java-8-openjdk-amd64/jre/lib/amd64/libmanagement.so
7f68f8ffd000-7f68f8ffe000 r--p 00008000 ca:01 286338                     /usr/lib/jvm/java-8-openjdk-amd64/jre/lib/amd64/libmanagement.so
7f68f8ffe000-7f68f8fff000 rw-p 00009000 ca:01 286338                     /usr/lib/jvm/java-8-openjdk-amd64/jre/lib/amd64/libmanagement.so
7f68f8fff000-7f68fc000000 rw-p 00000000 00:00 0 
7f68fc000000-7f68fdfd5000 rw-p 00000000 00:00 0 
7f68fdfd5000-7f6900000000 ---p 00000000 00:00 0 
7f6900000000-7f69001b9000 rw-p 00000000 00:00 0 
7f69001b9000-7f6904000000 ---p 00000000 00:00 0 
7f6904000000-7f6904021000 rw-p 00000000 00:00 0 
7f6904021000-7f6908000000 ---p 00000000 00:00 0 
7f6908000000-7f690b6a4000 rw-p 00000000 00:00 0 
7f690b6a4000-7f690c000000 ---p 00000000 00:00 0 
7f690c000000-7f690c083000 rw-p 00000000 00:00 0 
7f690c083000-7f6910000000 ---p 00000000 00:00 0 
7f6910000000-7f691006f000 rw-p 00000000 00:00 0 
7f691006f000-7f6914000000 ---p 00000000 00:00 0 
7f6914000000-7f691442a000 rw-p 00000000 00:00 0 
7f691442a000-7f6918000000 ---p 00000000 00:00 0 
7f69180cd000-7f69180d0000 ---p 00000000 00:00 0 
7f69180d0000-7f6918106000 rw-p 00000000 00:00 0 
7f6918106000-7f6918109000 ---p 00000000 00:00 0 
7f6918109000-7f6918207000 rw-p 00000000 00:00 0 
7f6918207000-7f691820a000 ---p 00000000 00:00 0 
7f691820a000-7f6918508000 rw-p 00000000 00:00 0 
7f6918508000-7f691850b000 ---p 00000000 00:00 0 
7f691850b000-7f6918609000 rw-p 00000000 00:00 0 
7f6918609000-7f691861f000 r-xp 00000000 ca:01 286343                     /usr/lib/jvm/java-8-openjdk-amd64/jre/lib/amd64/libnet.so
7f691861f000-7f691881f000 ---p 00016000 ca:01 286343                     /usr/lib/jvm/java-8-openjdk-amd64/jre/lib/amd64/libnet.so
7f691881f000-7f6918820000 r--p 00016000 ca:01 286343                     /usr/lib/jvm/java-8-openjdk-amd64/jre/lib/amd64/libnet.so
7f6918820000-7f6918821000 rw-p 00017000 ca:01 286343                     /usr/lib/jvm/java-8-openjdk-amd64/jre/lib/amd64/libnet.so
7f6918821000-7f6918822000 r--s 00009000 ca:01 261845                     /home/ubuntu/spark-2.1.1-bin-hadoop2.7/jars/slf4j-api-1.7.16.jar
7f6918822000-7f6918823000 r--s 00004000 ca:01 261710                     /home/ubuntu/spark-2.1.1-bin-hadoop2.7/jars/jackson-jaxrs-1.9.13.jar
7f6918823000-7f6918825000 r--s 00012000 ca:01 261803                     /home/ubuntu/spark-2.1.1-bin-hadoop2.7/jars/api-util-1.0.0-M20.jar
7f6918825000-7f691882d000 r--s 00066000 ca:01 261732                     /home/ubuntu/spark-2.1.1-bin-hadoop2.7/jars/apache-log4j-extras-1.2.17.jar
7f691882d000-7f691882f000 r--s 00004000 ca:01 261587                     /home/ubuntu/spark-2.1.1-bin-hadoop2.7/jars/stax-api-1.0-2.jar
7f691882f000-7f691883d000 r--s 00078000 ca:01 261756                     /home/ubuntu/spark-2.1.1-bin-hadoop2.7/jars/spark-mesos_2.11-2.1.1.jar
7f691884e000-7f6918850000 r--s 00016000 ca:01 286312                     /usr/lib/jvm/java-8-openjdk-amd64/jre/lib/jce.jar
7f6918850000-7f6918855000 r--s 000a3000 ca:01 286376                     /usr/lib/jvm/java-8-openjdk-amd64/jre/lib/jsse.jar
7f6918855000-7f6918868000 r--s 00346000 ca:01 286377                     /usr/lib/jvm/java-8-openjdk-amd64/jre/lib/resources.jar
7f6918868000-7f691886b000 r--s 00015000 ca:01 261533                     /home/ubuntu/spark-2.1.1-bin-hadoop2.7/jars/javax.servlet-api-3.1.0.jar
7f691886b000-7f6918897000 r--s 001c9000 ca:01 261798                     /home/ubuntu/spark-2.1.1-bin-hadoop2.7/jars/shapeless_2.11-2.0.0.jar
7f6918897000-7f69188a2000 r--s 000b0000 ca:01 261731                     /home/ubuntu/spark-2.1.1-bin-hadoop2.7/jars/jtransforms-2.4.0.jar
7f69188a2000-7f69188a8000 r--s 00043000 ca:01 261858                     /home/ubuntu/spark-2.1.1-bin-hadoop2.7/jars/commons-configuration-1.6.jar
7f69188a8000-7f69188ac000 r--s 00019000 ca:01 261784                     /home/ubuntu/spark-2.1.1-bin-hadoop2.7/jars/javax.ws.rs-api-2.0.1.jar
7f69188ac000-7f69188ae000 r--s 00009000 ca:01 261839                     /home/ubuntu/spark-2.1.1-bin-hadoop2.7/jars/commons-cli-1.2.jar
7f69188ae000-7f69188b8000 r--s 00095000 ca:01 261728                     /home/ubuntu/spark-2.1.1-bin-hadoop2.7/jars/scala-xml_2.11-1.0.2.jar
7f69188b8000-7f69188bd000 r--s 00031000 ca:01 261744                     /home/ubuntu/spark-2.1.1-bin-hadoop2.7/jars/parquet-hadoop-1.8.1.jar
7f69188bd000-7f69188c1000 r--s 00020000 ca:01 261720                     /home/ubuntu/spark-2.1.1-bin-hadoop2.7/jars/commons-digester-1.8.jar
7f69188c1000-7f69188c3000 r--s 00027000 ca:01 261790                     /home/ubuntu/spark-2.1.1-bin-hadoop2.7/jars/core-1.1.2.jar
7f69188c3000-7f69188da000 r--s 00183000 ca:01 261753                     /home/ubuntu/spark-2.1.1-bin-hadoop2.7/jars/hadoop-yarn-common-2.7.3.jar
7f69188da000-7f69188db000 r--s 00004000 ca:01 261711                     /home/ubuntu/spark-2.1.1-bin-hadoop2.7/jars/eigenbase-properties-1.1.5.jar
7f69188db000-7f69188e1000 r--s 00044000 ca:01 261763                     /home/ubuntu/spark-2.1.1-bin-hadoop2.7/jars/antlr4-runtime-4.5.3.jar
7f69188e1000-7f69188e3000 r--s 0000b000 ca:01 261840                     /home/ubuntu/spark-2.1.1-bin-hadoop2.7/jars/chill-java-0.8.0.jar
7f69188e3000-7f69188ed000 r--s 00086000 ca:01 261718                     /home/ubuntu/spark-2.1.1-bin-hadoop2.7/jars/json4s-core_2.11-3.2.11.jar
7f69188ed000-7f69188ef000 r--s 0000f000 ca:01 261566                     /home/ubuntu/spark-2.1.1-bin-hadoop2.7/jars/activation-1.1.1.jar
7f69188ef000-7f69188f3000 r--s 00031000 ca:01 261583                     /home/ubuntu/spark-2.1.1-bin-hadoop2.7/jars/jline-2.12.1.jar
7f69188f3000-7f69188f9000 r--s 00028000 ca:01 261745                     /home/ubuntu/spark-2.1.1-bin-hadoop2.7/jars/curator-framework-2.6.0.jar
7f69188f9000-7f6918906000 r--s 000b1000 ca:01 261545                     /home/ubuntu/spark-2.1.1-bin-hadoop2.7/jars/hadoop-mapreduce-client-common-2.7.3.jar
7f6918906000-7f6918908000 r--s 00009000 ca:01 261758                     /home/ubuntu/spark-2.1.1-bin-hadoop2.7/jars/jackson-module-paranamer-2.6.5.jar
7f6918908000-7f6918936000 r--s 00212000 ca:01 261712                     /home/ubuntu/spark-2.1.1-bin-hadoop2.7/jars/spark-network-common_2.11-2.1.1.jar
7f6918936000-7f691893e000 r--s 0006e000 ca:01 261765                     /home/ubuntu/spark-2.1.1-bin-hadoop2.7/jars/commons-lang3-3.5.jar
7f691893e000-7f691893f000 r--s 00009000 ca:01 261830                     /home/ubuntu/spark-2.1.1-bin-hadoop2.7/jars/hive-cli-1.2.1.spark2.jar
7f691893f000-7f6918955000 r--s 001a4000 ca:01 261613                     /home/ubuntu/spark-2.1.1-bin-hadoop2.7/jars/datanucleus-rdbms-3.2.9.jar
7f6918955000-7f6918966000 r--s 0010d000 ca:01 261714                     /home/ubuntu/spark-2.1.1-bin-hadoop2.7/jars/jackson-databind-2.6.5.jar
7f6918966000-7f6918968000 r--s 0000a000 ca:01 261612                     /home/ubuntu/spark-2.1.1-bin-hadoop2.7/jars/spark-unsafe_2.11-2.1.1.jar
7f6918968000-7f691898c000 r--s 001cd000 ca:01 261855                     /home/ubuntu/spark-2.1.1-bin-hadoop2.7/jars/commons-math3-3.4.1.jar
7f691898c000-7f6918990000 r--s 0002a000 ca:01 261747                     /home/ubuntu/spark-2.1.1-bin-hadoop2.7/jars/commons-io-2.4.jar
7f6918990000-7f6918998000 r--s 00059000 ca:01 261611                     /home/ubuntu/spark-2.1.1-bin-hadoop2.7/jars/javolution-5.5.1.jar
7f6918998000-7f6918999000 r--s 00003000 ca:01 261568                     /home/ubuntu/spark-2.1.1-bin-hadoop2.7/jars/jta-1.1.jar
7f6918999000-7f691899c000 r--s 00009000 ca:01 261751                     /home/ubuntu/spark-2.1.1-bin-hadoop2.7/jars/jackson-annotations-2.6.5.jar
7f691899c000-7f6918a10000 r--s 00574000 ca:01 261739                     /home/ubuntu/spark-2.1.1-bin-hadoop2.7/jars/spark-mllib_2.11-2.1.1.jar
7f6918a10000-7f6918a2b000 r--s 001d8000 ca:01 261572                     /home/ubuntu/spark-2.1.1-bin-hadoop2.7/jars/jets3t-0.9.3.jar
7f6918a2b000-7f6918ab6000 r--s 0069e000 ca:01 261713                     /home/ubuntu/spark-2.1.1-bin-hadoop2.7/jars/spark-catalyst_2.11-2.1.1.jar
7f6918ab6000-7f6918abb000 r--s 0002a000 ca:01 261576                     /home/ubuntu/spark-2.1.1-bin-hadoop2.7/jars/commons-beanutils-1.7.0.jar
7f6918abb000-7f6918abd000 r--s 00006000 ca:01 261588                     /home/ubuntu/spark-2.1.1-bin-hadoop2.7/jars/paranamer-2.3.jar
7f6918abd000-7f6918ac1000 r--s 0002c000 ca:01 261748                     /home/ubuntu/spark-2.1.1-bin-hadoop2.7/jars/avro-ipc-1.7.7.jar
7f6918ac1000-7f6918ade000 r--s 001d5000 ca:01 261860                     /home/ubuntu/spark-2.1.1-bin-hadoop2.7/jars/hadoop-yarn-api-2.7.3.jar
7f6918ade000-7f6918ae2000 r--s 00014000 ca:01 261856                     /home/ubuntu/spark-2.1.1-bin-hadoop2.7/jars/xz-1.0.jar
7f6918ae2000-7f6918ae8000 r--s 00063000 ca:01 261849                     /home/ubuntu/spark-2.1.1-bin-hadoop2.7/jars/jodd-core-3.5.2.jar
7f6918ae8000-7f6918aeb000 r--s 00006000 ca:01 261721                     /home/ubuntu/spark-2.1.1-bin-hadoop2.7/jars/jsr305-1.3.9.jar
7f6918aeb000-7f6918af2000 r--s 0005d000 ca:01 261793                     /home/ubuntu/spark-2.1.1-bin-hadoop2.7/jars/mx4j-3.0.2.jar
7f6918af2000-7f6918af4000 r--s 0000e000 ca:01 261821                     /home/ubuntu/spark-2.1.1-bin-hadoop2.7/jars/guice-servlet-3.0.jar
7f6918af4000-7f6918afc000 r--s 0007b000 ca:01 261737                     /home/ubuntu/spark-2.1.1-bin-hadoop2.7/jars/protobuf-java-2.5.0.jar
7f6918afc000-7f6918b05000 r--s 00062000 ca:01 261580                     /home/ubuntu/spark-2.1.1-bin-hadoop2.7/jars/avro-1.7.7.jar
7f6918b05000-7f6918b07000 r--s 00003000 ca:01 261733                     /home/ubuntu/spark-2.1.1-bin-hadoop2.7/jars/jcl-over-slf4j-1.7.16.jar
7f6918b07000-7f6918bd7000 r--s 00cf0000 ca:01 261540                     /home/ubuntu/spark-2.1.1-bin-hadoop2.7/jars/breeze_2.11-0.12.jar
7f6918bd7000-7f6918bd8000 r--s 00002000 ca:01 261619                     /home/ubuntu/spark-2.1.1-bin-hadoop2.7/jars/slf4j-log4j12-1.7.16.jar
7f6918bd8000-7f6918bda000 r--s 00006000 ca:01 261578                     /home/ubuntu/spark-2.1.1-bin-hadoop2.7/jars/spark-sketch_2.11-2.1.1.jar
7f6918bda000-7f6918bdf000 r--s 00068000 ca:01 261791                     /home/ubuntu/spark-2.1.1-bin-hadoop2.7/jars/antlr-2.7.7.jar
7f6918bdf000-7f6918be1000 r--s 00000000 ca:01 261759                     /home/ubuntu/spark-2.1.1-bin-hadoop2.7/jars/aopalliance-1.0.jar
7f6918be1000-7f6918be3000 r--s 00012000 ca:01 261730                     /home/ubuntu/spark-2.1.1-bin-hadoop2.7/jars/compress-lzf-1.0.3.jar
7f6918be3000-7f6918bf0000 r--s 0009e000 ca:01 261822                     /home/ubuntu/spark-2.1.1-bin-hadoop2.7/jars/spark-graphx_2.11-2.1.1.jar
7f6918bf0000-7f6918bf5000 r--s 00028000 ca:01 261841                     /home/ubuntu/spark-2.1.1-bin-hadoop2.7/jars/avro-mapred-1.7.7-hadoop2.jar
7f6918bf5000-7f6918c0b000 r--s 00124000 ca:01 261833                     /home/ubuntu/spark-2.1.1-bin-hadoop2.7/jars/ivy-2.4.0.jar
7f6918c0b000-7f6918c13000 r--s 00078000 ca:01 261805                     /home/ubuntu/spark-2.1.1-bin-hadoop2.7/jars/mail-1.4.7.jar
7f6918c13000-7f6918c18000 r--s 0004e000 ca:01 261582                     /home/ubuntu/spark-2.1.1-bin-hadoop2.7/jars/datanucleus-api-jdo-3.2.6.jar
7f6918c18000-7f6918c19000 r--s 00003000 ca:01 261594                     /home/ubuntu/spark-2.1.1-bin-hadoop2.7/jars/xmlenc-0.52.jar
7f6918c19000-7f6918c1a000 r--s 00004000 ca:01 261716                     /home/ubuntu/spark-2.1.1-bin-hadoop2.7/jars/opencsv-2.3.jar
7f6918c1a000-7f6918c1d000 r--s 000fd000 ca:01 261604                     /home/ubuntu/spark-2.1.1-bin-hadoop2.7/jars/leveldbjni-all-1.8.jar
7f6918c1d000-7f6918c21000 r--s 00030000 ca:01 261532                     /home/ubuntu/spark-2.1.1-bin-hadoop2.7/jars/commons-net-2.2.jar
7f6918c21000-7f6918c25000 r--s 00028000 ca:01 261608                     /home/ubuntu/spark-2.1.1-bin-hadoop2.7/jars/spark-mllib-local_2.11-2.1.1.jar
7f6918c25000-7f6918c2c000 r--s 0007d000 ca:01 261722                     /home/ubuntu/spark-2.1.1-bin-hadoop2.7/jars/jetty-6.1.26.jar
7f6918c2c000-7f6918c2f000 r--s 0002f000 ca:01 261546                     /home/ubuntu/spark-2.1.1-bin-hadoop2.7/jars/RoaringBitmap-0.5.11.jar
7f6918c2f000-7f6918c30000 r--s 00004000 ca:01 261866                     /home/ubuntu/spark-2.1.1-bin-hadoop2.7/jars/osgi-resource-locator-1.0.1.jar
7f6918c30000-7f6918c51000 r--s 0019b000 ca:01 261796                     /home/ubuntu/spark-2.1.1-bin-hadoop2.7/jars/spark-hive-thriftserver_2.11-2.1.1.jar
7f6918c51000-7f6918c56000 r--s 00041000 ca:01 261740                     /home/ubuntu/spark-2.1.1-bin-hadoop2.7/jars/commons-lang-2.6.jar
7f6918c56000-7f6918c58000 r--s 00020000 ca:01 261749                     /home/ubuntu/spark-2.1.1-bin-hadoop2.7/jars/hive-beeline-1.2.1.spark2.jar
7f6918c58000-7f6918c5f000 r--s 00049000 ca:01 261736                     /home/ubuntu/spark-2.1.1-bin-hadoop2.7/jars/httpcore-4.4.4.jar
7f6918c5f000-7f6918c61000 r--s 00014000 ca:01 261717                     /home/ubuntu/spark-2.1.1-bin-hadoop2.7/jars/spire-macros_2.11-0.7.4.jar
7f6918c61000-7f6918c62000 r--s 00001000 ca:01 261621                     /home/ubuntu/spark-2.1.1-bin-hadoop2.7/jars/pmml-schema-1.2.15.jar
7f6918c62000-7f6918c66000 r--s 00028000 ca:01 261573                     /home/ubuntu/spark-2.1.1-bin-hadoop2.7/jars/jetty-util-6.1.26.jar
7f6918c66000-7f6918d3e000 r--s 00a88000 ca:01 261543                     /home/ubuntu/spark-2.1.1-bin-hadoop2.7/jars/spark-core_2.11-2.1.1.jar
7f6918d3e000-7f6918d56000 r--s 001b6000 ca:01 261569                     /home/ubuntu/spark-2.1.1-bin-hadoop2.7/jars/datanucleus-core-3.2.10.jar
7f6918d56000-7f6918d6a000 r--s 000ec000 ca:01 261539                     /home/ubuntu/spark-2.1.1-bin-hadoop2.7/jars/parquet-jackson-1.8.1.jar
7f6918d6a000-7f6918d6c000 r--s 0000e000 ca:01 261785                     /home/ubuntu/spark-2.1.1-bin-hadoop2.7/jars/hadoop-mapreduce-client-jobclient-2.7.3.jar
7f6918d6c000-7f6918d6e000 r--s 0000e000 ca:01 261536                     /home/ubuntu/spark-2.1.1-bin-hadoop2.7/jars/oro-2.0.8.jar
7f6918d6e000-7f6918d70000 r--s 00003000 ca:01 261826                     /home/ubuntu/spark-2.1.1-bin-hadoop2.7/jars/JavaEWAH-0.3.2.jar
7f6918d70000-7f6918d72000 r--s 0000f000 ca:01 261757                     /home/ubuntu/spark-2.1.1-bin-hadoop2.7/jars/spark-launcher_2.11-2.1.1.jar
7f6918d72000-7f6918d94000 r--s 00335000 ca:01 261750                     /home/ubuntu/spark-2.1.1-bin-hadoop2.7/jars/mesos-1.0.0-shaded-protobuf.jar
7f6918d94000-7f6918d95000 r--s 00001000 ca:01 261610                     /home/ubuntu/spark-2.1.1-bin-hadoop2.7/jars/minlog-1.3.0.jar
7f6918d95000-7f6918d98000 r--s 0001a000 ca:01 261834                     /home/ubuntu/spark-2.1.1-bin-hadoop2.7/jars/py4j-0.10.4.jar
7f6918d98000-7f6918d99000 r--s 00009000 ca:01 261601                     /home/ubuntu/spark-2.1.1-bin-hadoop2.7/jars/json4s-jackson_2.11-3.2.11.jar
7f6918d99000-7f6918d9b000 r--s 0000d000 ca:01 261725                     /home/ubuntu/spark-2.1.1-bin-hadoop2.7/jars/hadoop-yarn-server-web-proxy-2.7.3.jar
7f6918d9b000-7f6918dfe000 r--s 004de000 ca:01 261719                     /home/ubuntu/spark-2.1.1-bin-hadoop2.7/jars/hive-metastore-1.2.1.spark2.jar
7f6918dfe000-7f6918e05000 r--s 00039000 ca:01 261727                     /home/ubuntu/spark-2.1.1-bin-hadoop2.7/jars/calcite-avatica-1.2.0-incubating.jar
7f6918e05000-7f6918e0c000 r--s 0003f000 ca:01 261603                     /home/ubuntu/spark-2.1.1-bin-hadoop2.7/jars/commons-codec-1.10.jar
7f6918e0c000-7f6918e0e000 r--s 00100000 ca:01 261842                     /home/ubuntu/spark-2.1.1-bin-hadoop2.7/jars/snappy-java-1.1.2.6.jar
7f6918e0e000-7f6918e12000 r--s 00029000 ca:01 261591                     /home/ubuntu/spark-2.1.1-bin-hadoop2.7/jars/hk2-locator-2.4.0-b34.jar
7f6918e12000-7f6918e15000 r--s 0000d000 ca:01 261742                     /home/ubuntu/spark-2.1.1-bin-hadoop2.7/jars/spark-network-shuffle_2.11-2.1.1.jar
7f6918e15000-7f6918e16000 r--s 00006000 ca:01 261788                     /home/ubuntu/spark-2.1.1-bin-hadoop2.7/jars/jackson-xc-1.9.13.jar
7f6918e16000-7f6918e2c000 r--s 000d1000 ca:01 261585                     /home/ubuntu/spark-2.1.1-bin-hadoop2.7/jars/parquet-column-1.8.1.jar
7f6918e2c000-7f6918e51000 rw-p 00000000 00:00 0 
7f6918e51000-7f6918f5d000 r--s 00dba000 ca:01 261859                     /home/ubuntu/spark-2.1.1-bin-hadoop2.7/jars/scala-compiler-2.11.8.jar
7f6918f5d000-7f6918f5e000 r--s 00002000 ca:01 261764                     /home/ubuntu/spark-2.1.1-bin-hadoop2.7/jars/jpam-1.1.jar
7f6918f5e000-7f6918f6d000 r--s 0009f000 ca:01 261734                     /home/ubuntu/spark-2.1.1-bin-hadoop2.7/jars/guice-3.0.jar
7f6918f6d000-7f6918f86000 r--s 00150000 ca:01 261626                     /home/ubuntu/spark-2.1.1-bin-hadoop2.7/jars/htrace-core-3.1.0-incubating.jar
7f6918f86000-7f6918f9c000 r--s 000d3000 ca:01 261625                     /home/ubuntu/spark-2.1.1-bin-hadoop2.7/jars/jersey-server-2.22.2.jar
7f6918f9c000-7f6918f9e000 r--s 00008000 ca:01 261581                     /home/ubuntu/spark-2.1.1-bin-hadoop2.7/jars/parquet-common-1.8.1.jar
7f6918f9e000-7f6918fa0000 r--s 00002000 ca:01 261606                     /home/ubuntu/spark-2.1.1-bin-hadoop2.7/jars/aopalliance-repackaged-2.4.0-b34.jar
7f6918fa0000-7f6918fa4000 r--s 0003c000 ca:01 261854                     /home/ubuntu/spark-2.1.1-bin-hadoop2.7/jars/jackson-core-2.6.5.jar
7f6918fa4000-7f6918faf000 r--s 00062000 ca:01 261729                     /home/ubuntu/spark-2.1.1-bin-hadoop2.7/jars/calcite-linq4j-1.2.0-incubating.jar
7f6918faf000-7f6918fe5000 r--s 0031c000 ca:01 261565                     /home/ubuntu/spark-2.1.1-bin-hadoop2.7/jars/hadoop-common-2.7.3.jar
7f6918fe5000-7f6918fe9000 r--s 0001a000 ca:01 261579                     /home/ubuntu/spark-2.1.1-bin-hadoop2.7/jars/hk2-utils-2.4.0-b34.jar
7f6918fe9000-7f6918ff5000 r--s 000b6000 ca:01 261831                     /home/ubuntu/spark-2.1.1-bin-hadoop2.7/jars/zookeeper-3.4.6.jar
7f6918ff5000-7f6918ffb000 r--s 00040000 ca:01 261709                     /home/ubuntu/spark-2.1.1-bin-hadoop2.7/jars/parquet-encoding-1.8.1.jar
7f6918ffb000-7f6919000000 r--s 00036000 ca:01 261574                     /home/ubuntu/spark-2.1.1-bin-hadoop2.7/jars/commons-compress-1.4.1.jar
7f6919000000-7f691b350000 rwxp 00000000 00:00 0 
7f691b350000-7f6928000000 ---p 00000000 00:00 0 
7f6928000000-7f6928db0000 rw-p 00000000 00:00 0 
7f6928db0000-7f692c000000 ---p 00000000 00:00 0 
7f692c000000-7f692c02d000 r--s 001d4000 ca:01 261863                     /home/ubuntu/spark-2.1.1-bin-hadoop2.7/jars/spark-streaming_2.11-2.1.1.jar
7f692c02d000-7f692c030000 r--s 00022000 ca:01 261806                     /home/ubuntu/spark-2.1.1-bin-hadoop2.7/jars/stringtemplate-3.2.1.jar
7f692c030000-7f692c037000 r--s 00036000 ca:01 261624                     /home/ubuntu/spark-2.1.1-bin-hadoop2.7/jars/curator-recipes-2.6.0.jar
7f692c037000-7f692c03b000 r--s 00029000 ca:01 261548                     /home/ubuntu/spark-2.1.1-bin-hadoop2.7/jars/breeze-macros_2.11-0.12.jar
7f692c03b000-7f692c03f000 r--s 00036000 ca:01 261851                     /home/ubuntu/spark-2.1.1-bin-hadoop2.7/jars/ST4-4.0.4.jar
7f692c03f000-7f692c043000 r--s 00018000 ca:01 261584                     /home/ubuntu/spark-2.1.1-bin-hadoop2.7/jars/metrics-core-3.1.2.jar
7f692c043000-7f692c051000 r--s 000b1000 ca:01 261754                     /home/ubuntu/spark-2.1.1-bin-hadoop2.7/jars/jackson-mapper-asl-1.9.13.jar
7f692c051000-7f692c061000 r--s 000a0000 ca:01 261599                     /home/ubuntu/spark-2.1.1-bin-hadoop2.7/jars/spark-yarn_2.11-2.1.1.jar
7f692c061000-7f692c062000 r--s 00003000 ca:01 261590                     /home/ubuntu/spark-2.1.1-bin-hadoop2.7/jars/spark-tags_2.11-2.1.1.jar
7f692c062000-7f692c074000 r--s 00097000 ca:01 261804                     /home/ubuntu/spark-2.1.1-bin-hadoop2.7/jars/apacheds-kerberos-codec-2.0.0-M15.jar
7f692c074000-7f692c077000 r--s 00017000 ca:01 261800                     /home/ubuntu/spark-2.1.1-bin-hadoop2.7/jars/jaxb-api-2.2.2.jar
7f692c077000-7f692c079000 r--s 00009000 ca:01 261848                     /home/ubuntu/spark-2.1.1-bin-hadoop2.7/jars/objenesis-2.1.jar
7f692c079000-7f692c0e4000 r--s 00784000 ca:01 261535                     /home/ubuntu/spark-2.1.1-bin-hadoop2.7/jars/hadoop-hdfs-2.7.3.jar
7f692c0e4000-7f692c0e6000 r--s 00010000 ca:01 261752                     /home/ubuntu/spark-2.1.1-bin-hadoop2.7/jars/jersey-media-jaxb-2.22.2.jar
7f692c0e6000-7f692c0f3000 r--s 00083000 ca:01 261598                     /home/ubuntu/spark-2.1.1-bin-hadoop2.7/jars/commons-collections-3.2.2.jar
7f692c0f3000-7f692c0fa000 r--s 00051000 ca:01 261542                     /home/ubuntu/spark-2.1.1-bin-hadoop2.7/jars/kryo-shaded-3.0.3.jar
7f692c0fa000-7f692c131000 r--s 00325000 ca:01 261802                     /home/ubuntu/spark-2.1.1-bin-hadoop2.7/jars/calcite-core-1.2.0-incubating.jar
7f692c131000-7f692c134000 r--s 00012000 ca:01 261602                     /home/ubuntu/spark-2.1.1-bin-hadoop2.7/jars/json4s-ast_2.11-3.2.11.jar
7f692c134000-7f692c136000 r--s 0000e000 ca:01 261794                     /home/ubuntu/spark-2.1.1-bin-hadoop2.7/jars/commons-logging-1.1.3.jar
7f692c136000-7f692c1df000 r--s 00a4f000 ca:01 261801                     /home/ubuntu/spark-2.1.1-bin-hadoop2.7/jars/hive-exec-1.2.1.spark2.jar
7f692c1df000-7f692c1e0000 r--s 0000b000 ca:01 261631                     /home/ubuntu/spark-2.1.1-bin-hadoop2.7/jars/snappy-0.2.jar
7f692c1e0000-7f692c1e3000 r--s 00028000 ca:01 261541                     /home/ubuntu/spark-2.1.1-bin-hadoop2.7/jars/stream-2.7.0.jar
7f692c1e3000-7f692c217000 r--s 00277000 ca:01 261592                     /home/ubuntu/spark-2.1.1-bin-hadoop2.7/jars/parquet-hadoop-bundle-1.6.0.jar
7f692c217000-7f692c21b000 r--s 0000c000 ca:01 261617                     /home/ubuntu/spark-2.1.1-bin-hadoop2.7/jars/validation-api-1.1.0.Final.jar
7f692c21b000-7f692c244000 r--s 001ee000 ca:01 261862                     /home/ubuntu/spark-2.1.1-bin-hadoop2.7/jars/guava-14.0.1.jar
7f692c244000-7f692c251000 r--s 00071000 ca:01 261832                     /home/ubuntu/spark-2.1.1-bin-hadoop2.7/jars/jackson-module-scala_2.11-2.6.5.jar
7f692c251000-7f692c26a000 r--s 00114000 ca:01 261577                     /home/ubuntu/spark-2.1.1-bin-hadoop2.7/jars/spark-hive_2.11-2.1.1.jar
7f692c26a000-7f692c282000 r--s 00115000 ca:01 261824                     /home/ubuntu/spark-2.1.1-bin-hadoop2.7/jars/netty-3.8.0.Final.jar
7f692c282000-7f692c2db000 r--s 00522000 ca:01 261865                     /home/ubuntu/spark-2.1.1-bin-hadoop2.7/jars/scala-library-2.11.8.jar
7f692c2db000-7f692c2e2000 r--s 00049000 ca:01 261852                     /home/ubuntu/spark-2.1.1-bin-hadoop2.7/jars/univocity-parsers-2.2.1.jar
7f692c2e2000-7f692c32e000 r--s 00411000 ca:01 261857                     /home/ubuntu/spark-2.1.1-bin-hadoop2.7/jars/scala-reflect-2.11.8.jar
7f692c32e000-7f692c33c000 r--s 0009d000 ca:01 261614                     /home/ubuntu/spark-2.1.1-bin-hadoop2.7/jars/jersey-common-2.22.2.jar
7f692c33c000-7f692c346000 r--s 000aa000 ca:01 261762                     /home/ubuntu/spark-2.1.1-bin-hadoop2.7/jars/janino-3.0.0.jar
7f692c346000-7f692c347000 r--s 00008000 ca:01 261844                     /home/ubuntu/spark-2.1.1-bin-hadoop2.7/jars/commons-compiler-3.0.0.jar
7f692c347000-7f692c350000 r--s 00097000 ca:01 261837                     /home/ubuntu/spark-2.1.1-bin-hadoop2.7/jars/pmml-model-1.2.15.jar
7f692c350000-7f692c352000 r--s 00005000 ca:01 261741                     /home/ubuntu/spark-2.1.1-bin-hadoop2.7/jars/stax-api-1.0.1.jar
7f692c352000-7f692c356000 r--s 00035000 ca:01 261597                     /home/ubuntu/spark-2.1.1-bin-hadoop2.7/jars/jackson-core-asl-1.9.13.jar
7f692c356000-7f692c359000 r--s 00019000 ca:01 261530                     /home/ubuntu/spark-2.1.1-bin-hadoop2.7/jars/bonecp-0.8.0.RELEASE.jar
7f692c359000-7f692c35b000 r--s 00038000 ca:01 261789                     /home/ubuntu/spark-2.1.1-bin-hadoop2.7/jars/lz4-1.3.0.jar
7f692c35b000-7f692c374000 r--s 00164000 ca:01 261738                     /home/ubuntu/spark-2.1.1-bin-hadoop2.7/jars/hadoop-mapreduce-client-core-2.7.3.jar
7f692c374000-7f692c377000 r--s 00026000 ca:01 261792                     /home/ubuntu/spark-2.1.1-bin-hadoop2.7/jars/hadoop-yarn-client-2.7.3.jar
7f692c377000-7f692c379000 r--s 00017000 ca:01 261607                     /home/ubuntu/spark-2.1.1-bin-hadoop2.7/jars/hive-jdbc-1.2.1.spark2.jar
7f692c379000-7f692c3fa000 r--s 005d9000 ca:01 261746                     /home/ubuntu/spark-2.1.1-bin-hadoop2.7/jars/spark-sql_2.11-2.1.1.jar
7f692c3fa000-7f692c3fb000 r--s 00006000 ca:01 261755                     /home/ubuntu/spark-2.1.1-bin-hadoop2.7/jars/hadoop-client-2.7.3.jar
7f692c3fb000-7f692c402000 r--s 00058000 ca:01 261609                     /home/ubuntu/spark-2.1.1-bin-hadoop2.7/jars/hadoop-yarn-server-common-2.7.3.jar
7f692c402000-7f692c403000 r--s 0000a000 ca:01 261616                     /home/ubuntu/spark-2.1.1-bin-hadoop2.7/jars/apacheds-i18n-2.0.0-M15.jar
7f692c403000-7f692c404000 r--s 00000000 ca:01 261600                     /home/ubuntu/spark-2.1.1-bin-hadoop2.7/jars/javax.inject-1.jar
7f692c404000-7f692c40a000 r--s 00045000 ca:01 261605                     /home/ubuntu/spark-2.1.1-bin-hadoop2.7/jars/commons-httpclient-3.1.jar
7f692c40a000-7f692c417000 r--s 000a7000 ca:01 261627                     /home/ubuntu/spark-2.1.1-bin-hadoop2.7/jars/httpclient-4.5.2.jar
7f692c417000-7f692c419000 r--s 0001f000 ca:01 261825                     /home/ubuntu/spark-2.1.1-bin-hadoop2.7/jars/commons-crypto-1.0.0.jar
7f692c419000-7f692c41e000 r--s 0002a000 ca:01 261735                     /home/ubuntu/spark-2.1.1-bin-hadoop2.7/jars/gson-2.2.4.jar
7f692c41e000-7f692c45e000 r--s 00277000 ca:01 261767                     /home/ubuntu/spark-2.1.1-bin-hadoop2.7/jars/bcprov-jdk15on-1.51.jar
7f692c45e000-7f692c461000 r--s 00016000 ca:01 261593                     /home/ubuntu/spark-2.1.1-bin-hadoop2.7/jars/jsp-api-2.1.jar
7f692c461000-7f692c462000 r--s 00001000 ca:01 261838                     /home/ubuntu/spark-2.1.1-bin-hadoop2.7/jars/javax.inject-2.4.0-b34.jar
7f692c462000-7f692c463000 r--s 00002000 ca:01 261586                     /home/ubuntu/spark-2.1.1-bin-hadoop2.7/jars/java-xmlbuilder-1.0.jar
7f692c463000-7f692c465000 r--s 00015000 ca:01 261547                     /home/ubuntu/spark-2.1.1-bin-hadoop2.7/jars/hadoop-auth-2.7.3.jar
7f692c465000-7f692c469000 r--s 0002f000 ca:01 261795                     /home/ubuntu/spark-2.1.1-bin-hadoop2.7/jars/commons-beanutils-core-1.8.0.jar
7f692c469000-7f692c498000 r--s 002e5000 ca:01 261846                     /home/ubuntu/spark-2.1.1-bin-hadoop2.7/jars/derby-10.12.1.1.jar
7f692c498000-7f692c49a000 r--s 00008000 ca:01 261544                     /home/ubuntu/spark-2.1.1-bin-hadoop2.7/jars/metrics-jvm-3.1.2.jar
7f692c49a000-7f692c49d000 r--s 00015000 ca:01 261723                     /home/ubuntu/spark-2.1.1-bin-hadoop2.7/jars/pyrolite-4.13.jar
7f692c49d000-7f692c49f000 r--s 0000e000 ca:01 261760                     /home/ubuntu/spark-2.1.1-bin-hadoop2.7/jars/spark-repl_2.11-2.1.1.jar
7f692c49f000-7f692c4a8000 r--s 0006f000 ca:01 261724                     /home/ubuntu/spark-2.1.1-bin-hadoop2.7/jars/log4j-1.2.17.jar
7f692c4a8000-7f692c4ac000 r--s 00025000 ca:01 261850                     /home/ubuntu/spark-2.1.1-bin-hadoop2.7/jars/jersey-client-2.22.2.jar
7f692c4ac000-7f692c4b3000 r--s 00058000 ca:01 261589                     /home/ubuntu/spark-2.1.1-bin-hadoop2.7/jars/parquet-format-2.3.0-incubating.jar
7f692c4b3000-7f692c4b5000 r--s 00003000 ca:01 261615                     /home/ubuntu/spark-2.1.1-bin-hadoop2.7/jars/api-asn1-api-1.0.0-M20.jar
7f692c4b5000-7f692c4bf000 r--s 0007b000 ca:01 261847                     /home/ubuntu/spark-2.1.1-bin-hadoop2.7/jars/hadoop-mapreduce-client-app-2.7.3.jar
7f692c4bf000-7f692c4c2000 r--s 0000e000 ca:01 261575                     /home/ubuntu/spark-2.1.1-bin-hadoop2.7/jars/jersey-container-servlet-core-2.22.2.jar
7f692c4c2000-7f692c4c6000 r--s 00025000 ca:01 261538                     /home/ubuntu/spark-2.1.1-bin-hadoop2.7/jars/antlr-runtime-3.4.jar
7f692c4c6000-7f692c4d7000 r--s 00089000 ca:01 261623                     /home/ubuntu/spark-2.1.1-bin-hadoop2.7/jars/joda-time-2.9.3.jar
7f692c4d7000-7f692c4d9000 r--s 00005000 ca:01 261743                     /home/ubuntu/spark-2.1.1-bin-hadoop2.7/jars/javax.annotation-api-1.2.jar
7f692c4d9000-7f692c4de000 r--s 00032000 ca:01 261864                     /home/ubuntu/spark-2.1.1-bin-hadoop2.7/jars/chill_2.11-0.8.0.jar
7f692c4de000-7f692c4e9000 r--s 0005d000 ca:01 261853                     /home/ubuntu/spark-2.1.1-bin-hadoop2.7/jars/scala-parser-combinators_2.11-1.0.4.jar
7f692c4e9000-7f692c4fb000 r--s 00112000 ca:01 261835                     /home/ubuntu/spark-2.1.1-bin-hadoop2.7/jars/arpack_combined_all-0.1.jar
7f692c4fb000-7f692c513000 r--s 000d6000 ca:01 261571                     /home/ubuntu/spark-2.1.1-bin-hadoop2.7/jars/jersey-guava-2.22.2.jar
7f692c513000-7f692c519000 r--s 0002c000 ca:01 261828                     /home/ubuntu/spark-2.1.1-bin-hadoop2.7/jars/jdo-api-3.0.1.jar
7f692c519000-7f692c520000 r--s 00046000 ca:01 261797                     /home/ubuntu/spark-2.1.1-bin-hadoop2.7/jars/libfb303-0.9.3.jar
7f692c520000-7f692c522000 r--s 00010000 ca:01 261622                     /home/ubuntu/spark-2.1.1-bin-hadoop2.7/jars/hadoop-mapreduce-client-shuffle-2.7.3.jar
7f692c522000-7f692c524000 r--s 00000000 ca:01 261836                     /home/ubuntu/spark-2.1.1-bin-hadoop2.7/jars/jul-to-slf4j-1.7.16.jar
7f692c524000-7f692c527000 r--s 00014000 ca:01 261761                     /home/ubuntu/spark-2.1.1-bin-hadoop2.7/jars/super-csv-2.2.0.jar
7f692c527000-7f692c539000 r--s 000b3000 ca:01 261829                     /home/ubuntu/spark-2.1.1-bin-hadoop2.7/jars/scalap-2.11.8.jar
7f692c539000-7f692c53b000 r--s 00003000 ca:01 261843                     /home/ubuntu/spark-2.1.1-bin-hadoop2.7/jars/base64-2.3.8.jar
7f692c53b000-7f692c53d000 r--s 00003000 ca:01 261570                     /home/ubuntu/spark-2.1.1-bin-hadoop2.7/jars/jersey-container-servlet-2.22.2.jar
7f692c53d000-7f692c547000 r--s 000a5000 ca:01 261766                     /home/ubuntu/spark-2.1.1-bin-hadoop2.7/jars/javassist-3.18.1-GA.jar
7f692c547000-7f692c55f000 r--s 00115000 ca:01 261537                     /home/ubuntu/spark-2.1.1-bin-hadoop2.7/jars/xercesImpl-2.9.1.jar
7f692c55f000-7f692c562000 r--s 00021000 ca:01 261596                     /home/ubuntu/spark-2.1.1-bin-hadoop2.7/jars/xbean-asm5-shaded-4.4.jar
7f692c562000-7f692c565000 r--s 00025000 ca:01 261618                     /home/ubuntu/spark-2.1.1-bin-hadoop2.7/jars/commons-dbcp-1.4.jar
7f692c565000-7f692c58c000 r--s 0020f000 ca:01 261726                     /home/ubuntu/spark-2.1.1-bin-hadoop2.7/jars/netty-all-4.0.42.Final.jar
7f692c58c000-7f692c58f000 r--s 00015000 ca:01 261620                     /home/ubuntu/spark-2.1.1-bin-hadoop2.7/jars/commons-pool-1.5.4.jar
7f692c58f000-7f692c5e4000 r--s 0069c000 ca:01 261595                     /home/ubuntu/spark-2.1.1-bin-hadoop2.7/jars/spire_2.11-0.7.4.jar
7f692c5e4000-7f692c5e6000 r--s 00004000 ca:01 261787                     /home/ubuntu/spark-2.1.1-bin-hadoop2.7/jars/metrics-graphite-3.1.2.jar
7f692c5e6000-7f692c5eb000 r--s 00027000 ca:01 261861                     /home/ubuntu/spark-2.1.1-bin-hadoop2.7/jars/hk2-api-2.4.0-b34.jar
7f692c5eb000-7f692c5f1000 r--s 00034000 ca:01 261799                     /home/ubuntu/spark-2.1.1-bin-hadoop2.7/jars/libthrift-0.9.3.jar
7f692c5f1000-7f692c60c000 r--s 001d6000 ca:01 286319                     /usr/lib/jvm/java-8-openjdk-amd64/jre/lib/ext/nashorn.jar
7f692c60c000-7f692c627000 r--s 00394000 ca:01 286322                     /usr/lib/jvm/java-8-openjdk-amd64/jre/lib/ext/cldrdata.jar
7f692c627000-7f692c628000 ---p 00000000 00:00 0 
7f692c628000-7f692c728000 rw-p 00000000 00:00 0 
7f692c728000-7f692c72b000 ---p 00000000 00:00 0 
7f692c72b000-7f692c829000 rw-p 00000000 00:00 0 
7f692c829000-7f692c82c000 ---p 00000000 00:00 0 
7f692c82c000-7f692c92a000 rw-p 00000000 00:00 0 
7f692c92a000-7f692c92d000 ---p 00000000 00:00 0 
7f692c92d000-7f692ca2b000 rw-p 00000000 00:00 0 
7f692ca2b000-7f692ca2e000 ---p 00000000 00:00 0 
7f692ca2e000-7f692cb2c000 rw-p 00000000 00:00 0 
7f692cb2c000-7f692ccc4000 r--p 00000000 ca:01 29052                      /usr/lib/locale/locale-archive
7f692ccc4000-7f692ccc7000 ---p 00000000 00:00 0 
7f692ccc7000-7f692cdc5000 rw-p 00000000 00:00 0 
7f692cdc5000-7f692cdc8000 ---p 00000000 00:00 0 
7f692cdc8000-7f692cec6000 rw-p 00000000 00:00 0 
7f692cec6000-7f692cec7000 ---p 00000000 00:00 0 
7f692cec7000-7f692cfc7000 rw-p 00000000 00:00 0 
7f692cfc7000-7f692d197000 r--s 03c5c000 ca:01 286303                     /usr/lib/jvm/java-8-openjdk-amd64/jre/lib/rt.jar
7f692d197000-7f692da0d000 rw-p 00000000 00:00 0 
7f692da0d000-7f692da2e000 rw-p 00000000 00:00 0 
7f692da2e000-7f692db63000 ---p 00000000 00:00 0 
7f692db63000-7f692db74000 rw-p 00000000 00:00 0 
7f692db74000-7f692dc0d000 ---p 00000000 00:00 0 
7f692dc0d000-7f692dc2f000 rw-p 00000000 00:00 0 
7f692dc2f000-7f692dd63000 ---p 00000000 00:00 0 
7f692dd63000-7f692ddf2000 rw-p 00000000 00:00 0 
7f692ddf2000-7f692e124000 ---p 00000000 00:00 0 
7f692e124000-7f692e12c000 r-xp 00000000 ca:01 286357                     /usr/lib/jvm/java-8-openjdk-amd64/jre/lib/amd64/libzip.so
7f692e12c000-7f692e32b000 ---p 00008000 ca:01 286357                     /usr/lib/jvm/java-8-openjdk-amd64/jre/lib/amd64/libzip.so
7f692e32b000-7f692e32c000 r--p 00007000 ca:01 286357                     /usr/lib/jvm/java-8-openjdk-amd64/jre/lib/amd64/libzip.so
7f692e32c000-7f692e32d000 rw-p 00008000 ca:01 286357                     /usr/lib/jvm/java-8-openjdk-amd64/jre/lib/amd64/libzip.so
7f692e32d000-7f692e338000 r-xp 00000000 ca:01 1993                       /lib/x86_64-linux-gnu/libnss_files-2.23.so
7f692e338000-7f692e537000 ---p 0000b000 ca:01 1993                       /lib/x86_64-linux-gnu/libnss_files-2.23.so
7f692e537000-7f692e538000 r--p 0000a000 ca:01 1993                       /lib/x86_64-linux-gnu/libnss_files-2.23.so
7f692e538000-7f692e539000 rw-p 0000b000 ca:01 1993                       /lib/x86_64-linux-gnu/libnss_files-2.23.so
7f692e539000-7f692e53f000 rw-p 00000000 00:00 0 
7f692e53f000-7f692e54a000 r-xp 00000000 ca:01 1997                       /lib/x86_64-linux-gnu/libnss_nis-2.23.so
7f692e54a000-7f692e749000 ---p 0000b000 ca:01 1997                       /lib/x86_64-linux-gnu/libnss_nis-2.23.so
7f692e749000-7f692e74a000 r--p 0000a000 ca:01 1997                       /lib/x86_64-linux-gnu/libnss_nis-2.23.so
7f692e74a000-7f692e74b000 rw-p 0000b000 ca:01 1997                       /lib/x86_64-linux-gnu/libnss_nis-2.23.so
7f692e74b000-7f692e761000 r-xp 00000000 ca:01 1977                       /lib/x86_64-linux-gnu/libnsl-2.23.so
7f692e761000-7f692e960000 ---p 00016000 ca:01 1977                       /lib/x86_64-linux-gnu/libnsl-2.23.so
7f692e960000-7f692e961000 r--p 00015000 ca:01 1977                       /lib/x86_64-linux-gnu/libnsl-2.23.so
7f692e961000-7f692e962000 rw-p 00016000 ca:01 1977                       /lib/x86_64-linux-gnu/libnsl-2.23.so
7f692e962000-7f692e964000 rw-p 00000000 00:00 0 
7f692e964000-7f692e96c000 r-xp 00000000 ca:01 1988                       /lib/x86_64-linux-gnu/libnss_compat-2.23.so
7f692e96c000-7f692eb6b000 ---p 00008000 ca:01 1988                       /lib/x86_64-linux-gnu/libnss_compat-2.23.so
7f692eb6b000-7f692eb6c000 r--p 00007000 ca:01 1988                       /lib/x86_64-linux-gnu/libnss_compat-2.23.so
7f692eb6c000-7f692eb6d000 rw-p 00008000 ca:01 1988                       /lib/x86_64-linux-gnu/libnss_compat-2.23.so
7f692eb6d000-7f692eb96000 r-xp 00000000 ca:01 286342                     /usr/lib/jvm/java-8-openjdk-amd64/jre/lib/amd64/libjava.so
7f692eb96000-7f692ed95000 ---p 00029000 ca:01 286342                     /usr/lib/jvm/java-8-openjdk-amd64/jre/lib/amd64/libjava.so
7f692ed95000-7f692ed96000 r--p 00028000 ca:01 286342                     /usr/lib/jvm/java-8-openjdk-amd64/jre/lib/amd64/libjava.so
7f692ed96000-7f692ed98000 rw-p 00029000 ca:01 286342                     /usr/lib/jvm/java-8-openjdk-amd64/jre/lib/amd64/libjava.so
7f692ed98000-7f692eda7000 r-xp 00000000 ca:01 286359                     /usr/lib/jvm/java-8-openjdk-amd64/jre/lib/amd64/libverify.so
7f692eda7000-7f692efa6000 ---p 0000f000 ca:01 286359                     /usr/lib/jvm/java-8-openjdk-amd64/jre/lib/amd64/libverify.so
7f692efa6000-7f692efa8000 r--p 0000e000 ca:01 286359                     /usr/lib/jvm/java-8-openjdk-amd64/jre/lib/amd64/libverify.so
7f692efa8000-7f692efa9000 rw-p 00010000 ca:01 286359                     /usr/lib/jvm/java-8-openjdk-amd64/jre/lib/amd64/libverify.so
7f692efa9000-7f692efb0000 r-xp 00000000 ca:01 1998                       /lib/x86_64-linux-gnu/librt-2.23.so
7f692efb0000-7f692f1af000 ---p 00007000 ca:01 1998                       /lib/x86_64-linux-gnu/librt-2.23.so
7f692f1af000-7f692f1b0000 r--p 00006000 ca:01 1998                       /lib/x86_64-linux-gnu/librt-2.23.so
7f692f1b0000-7f692f1b1000 rw-p 00007000 ca:01 1998                       /lib/x86_64-linux-gnu/librt-2.23.so
7f692f1b1000-7f692f1c7000 r-xp 00000000 ca:01 1975                       /lib/x86_64-linux-gnu/libgcc_s.so.1
7f692f1c7000-7f692f3c6000 ---p 00016000 ca:01 1975                       /lib/x86_64-linux-gnu/libgcc_s.so.1
7f692f3c6000-7f692f3c7000 rw-p 00015000 ca:01 1975                       /lib/x86_64-linux-gnu/libgcc_s.so.1
7f692f3c7000-7f692f4cf000 r-xp 00000000 ca:01 1976                       /lib/x86_64-linux-gnu/libm-2.23.so
7f692f4cf000-7f692f6ce000 ---p 00108000 ca:01 1976                       /lib/x86_64-linux-gnu/libm-2.23.so
7f692f6ce000-7f692f6cf000 r--p 00107000 ca:01 1976                       /lib/x86_64-linux-gnu/libm-2.23.so
7f692f6cf000-7f692f6d0000 rw-p 00108000 ca:01 1976                       /lib/x86_64-linux-gnu/libm-2.23.so
7f692f6d0000-7f692f842000 r-xp 00000000 ca:01 7979                       /usr/lib/x86_64-linux-gnu/libstdc++.so.6.0.21
7f692f842000-7f692fa42000 ---p 00172000 ca:01 7979                       /usr/lib/x86_64-linux-gnu/libstdc++.so.6.0.21
7f692fa42000-7f692fa4c000 r--p 00172000 ca:01 7979                       /usr/lib/x86_64-linux-gnu/libstdc++.so.6.0.21
7f692fa4c000-7f692fa4e000 rw-p 0017c000 ca:01 7979                       /usr/lib/x86_64-linux-gnu/libstdc++.so.6.0.21
7f692fa4e000-7f692fa52000 rw-p 00000000 00:00 0 
7f692fa52000-7f69306b6000 r-xp 00000000 ca:01 286369                     /usr/lib/jvm/java-8-openjdk-amd64/jre/lib/amd64/server/libjvm.so
7f69306b6000-7f69308b5000 ---p 00c64000 ca:01 286369                     /usr/lib/jvm/java-8-openjdk-amd64/jre/lib/amd64/server/libjvm.so
7f69308b5000-7f6930949000 r--p 00c63000 ca:01 286369                     /usr/lib/jvm/java-8-openjdk-amd64/jre/lib/amd64/server/libjvm.so
7f6930949000-7f6930972000 rw-p 00cf7000 ca:01 286369                     /usr/lib/jvm/java-8-openjdk-amd64/jre/lib/amd64/server/libjvm.so
7f6930972000-7f69309a2000 rw-p 00000000 00:00 0 
7f69309a2000-7f69309ba000 r-xp 00000000 ca:01 1979                       /lib/x86_64-linux-gnu/libpthread-2.23.so
7f69309ba000-7f6930bb9000 ---p 00018000 ca:01 1979                       /lib/x86_64-linux-gnu/libpthread-2.23.so
7f6930bb9000-7f6930bba000 r--p 00017000 ca:01 1979                       /lib/x86_64-linux-gnu/libpthread-2.23.so
7f6930bba000-7f6930bbb000 rw-p 00018000 ca:01 1979                       /lib/x86_64-linux-gnu/libpthread-2.23.so
7f6930bbb000-7f6930bbf000 rw-p 00000000 00:00 0 
7f6930bbf000-7f6930bc2000 r-xp 00000000 ca:01 1982                       /lib/x86_64-linux-gnu/libdl-2.23.so
7f6930bc2000-7f6930dc1000 ---p 00003000 ca:01 1982                       /lib/x86_64-linux-gnu/libdl-2.23.so
7f6930dc1000-7f6930dc2000 r--p 00002000 ca:01 1982                       /lib/x86_64-linux-gnu/libdl-2.23.so
7f6930dc2000-7f6930dc3000 rw-p 00003000 ca:01 1982                       /lib/x86_64-linux-gnu/libdl-2.23.so
7f6930dc3000-7f6930ddc000 r-xp 00000000 ca:01 2129                       /lib/x86_64-linux-gnu/libz.so.1.2.8
7f6930ddc000-7f6930fdb000 ---p 00019000 ca:01 2129                       /lib/x86_64-linux-gnu/libz.so.1.2.8
7f6930fdb000-7f6930fdc000 r--p 00018000 ca:01 2129                       /lib/x86_64-linux-gnu/libz.so.1.2.8
7f6930fdc000-7f6930fdd000 rw-p 00019000 ca:01 2129                       /lib/x86_64-linux-gnu/libz.so.1.2.8
7f6930fdd000-7f693119d000 r-xp 00000000 ca:01 1980                       /lib/x86_64-linux-gnu/libc-2.23.so
7f693119d000-7f693139d000 ---p 001c0000 ca:01 1980                       /lib/x86_64-linux-gnu/libc-2.23.so
7f693139d000-7f69313a1000 r--p 001c0000 ca:01 1980                       /lib/x86_64-linux-gnu/libc-2.23.so
7f69313a1000-7f69313a3000 rw-p 001c4000 ca:01 1980                       /lib/x86_64-linux-gnu/libc-2.23.so
7f69313a3000-7f69313a7000 rw-p 00000000 00:00 0 
7f69313a7000-7f69313b4000 r-xp 00000000 ca:01 286351                     /usr/lib/jvm/java-8-openjdk-amd64/jre/lib/amd64/jli/libjli.so
7f69313b4000-7f69315b3000 ---p 0000d000 ca:01 286351                     /usr/lib/jvm/java-8-openjdk-amd64/jre/lib/amd64/jli/libjli.so
7f69315b3000-7f69315b4000 r--p 0000c000 ca:01 286351                     /usr/lib/jvm/java-8-openjdk-amd64/jre/lib/amd64/jli/libjli.so
7f69315b4000-7f69315b5000 rw-p 0000d000 ca:01 286351                     /usr/lib/jvm/java-8-openjdk-amd64/jre/lib/amd64/jli/libjli.so
7f69315b5000-7f69315db000 r-xp 00000000 ca:01 1978                       /lib/x86_64-linux-gnu/ld-2.23.so
7f69315db000-7f69315dc000 r--s 00009000 ca:01 261534                     /home/ubuntu/spark-2.1.1-bin-hadoop2.7/jars/hadoop-annotations-2.7.3.jar
7f69315dc000-7f69315dd000 r--s 00003000 ca:01 261827                     /home/ubuntu/spark-2.1.1-bin-hadoop2.7/jars/metrics-json-3.1.2.jar
7f69315dd000-7f69315df000 r--s 0000f000 ca:01 261715                     /home/ubuntu/spark-2.1.1-bin-hadoop2.7/jars/curator-client-2.6.0.jar
7f69315df000-7f69315e2000 r--s 0000f000 ca:01 286318                     /usr/lib/jvm/java-8-openjdk-amd64/jre/lib/ext/icedtea-sound.jar
7f69315e2000-7f69315e3000 r--s 00010000 ca:01 286325                     /usr/lib/jvm/java-8-openjdk-amd64/jre/lib/ext/zipfs.jar
7f69315e3000-7f69315e6000 r--s 00039000 ca:01 286321                     /usr/lib/jvm/java-8-openjdk-amd64/jre/lib/ext/sunpkcs11.jar
7f69315e6000-7f69315e7000 r--s 0000a000 ca:01 286320                     /usr/lib/jvm/java-8-openjdk-amd64/jre/lib/ext/jaccess.jar
7f69315e7000-7f69315e9000 r--s 00001000 ca:01 286323                     /usr/lib/jvm/java-8-openjdk-amd64/jre/lib/ext/dnsns.jar
7f69315e9000-7f69315f3000 r--s 00116000 ca:01 286326                     /usr/lib/jvm/java-8-openjdk-amd64/jre/lib/ext/localedata.jar
7f69315f3000-7f69316c4000 rw-p 00000000 00:00 0 
7f69316c4000-7f69316cc000 rw-s 00000000 ca:01 256706                     /tmp/hsperfdata_ubuntu/20624
7f69316cc000-7f69316cf000 ---p 00000000 00:00 0 
7f69316cf000-7f69317d1000 rw-p 00000000 00:00 0 
7f69317d1000-7f69317d6000 r--s 0003c000 ca:01 286324                     /usr/lib/jvm/java-8-openjdk-amd64/jre/lib/ext/sunjce_provider.jar
7f69317d6000-7f69317d7000 r--s 0000d000 ca:01 286317                     /usr/lib/jvm/java-8-openjdk-amd64/jre/lib/ext/sunec.jar
7f69317d7000-7f69317d8000 rw-p 00000000 00:00 0 
7f69317d8000-7f69317d9000 ---p 00000000 00:00 0 
7f69317d9000-7f69317da000 rw-p 00000000 00:00 0 
7f69317da000-7f69317db000 r--p 00025000 ca:01 1978                       /lib/x86_64-linux-gnu/ld-2.23.so
7f69317db000-7f69317dc000 rw-p 00026000 ca:01 1978                       /lib/x86_64-linux-gnu/ld-2.23.so
7f69317dc000-7f69317dd000 rw-p 00000000 00:00 0 
7ffd7d1c5000-7ffd7d1e6000 rw-p 00000000 00:00 0                          [stack]
7ffd7d1f1000-7ffd7d1f4000 r--p 00000000 00:00 0                          [vvar]
7ffd7d1f4000-7ffd7d1f6000 r-xp 00000000 00:00 0                          [vdso]
ffffffffff600000-ffffffffff601000 r-xp 00000000 00:00 0                  [vsyscall]

VM Arguments:
jvm_args: -Xmx1g 
java_command: org.apache.spark.deploy.SparkSubmit --conf spark.app.name=basics pyspark-shell
java_class_path (initial): /home/ubuntu/spark-2.1.1-bin-hadoop2.7/conf/:/home/ubuntu/spark-2.1.1-bin-hadoop2.7/jars/libthrift-0.9.3.jar:/home/ubuntu/spark-2.1.1-bin-hadoop2.7/jars/curator-client-2.6.0.jar:/home/ubuntu/spark-2.1.1-bin-hadoop2.7/jars/hk2-api-2.4.0-b34.jar:/home/ubuntu/spark-2.1.1-bin-hadoop2.7/jars/metrics-json-3.1.2.jar:/home/ubuntu/spark-2.1.1-bin-hadoop2.7/jars/metrics-graphite-3.1.2.jar:/home/ubuntu/spark-2.1.1-bin-hadoop2.7/jars/spire_2.11-0.7.4.jar:/home/ubuntu/spark-2.1.1-bin-hadoop2.7/jars/commons-pool-1.5.4.jar:/home/ubuntu/spark-2.1.1-bin-hadoop2.7/jars/netty-all-4.0.42.Final.jar:/home/ubuntu/spark-2.1.1-bin-hadoop2.7/jars/commons-dbcp-1.4.jar:/home/ubuntu/spark-2.1.1-bin-hadoop2.7/jars/xbean-asm5-shaded-4.4.jar:/home/ubuntu/spark-2.1.1-bin-hadoop2.7/jars/xercesImpl-2.9.1.jar:/home/ubuntu/spark-2.1.1-bin-hadoop2.7/jars/hadoop-annotations-2.7.3.jar:/home/ubuntu/spark-2.1.1-bin-hadoop2.7/jars/javassist-3.18.1-GA.jar:/home/ubuntu/spark-2.1.1-bin-hadoop2.7/jars/jersey-container-servlet-2.22.2.jar:/home/ubuntu/spark-2.1.1-bin-hadoop2.7/jars/base64-2.3.8.jar:/home/ubuntu/spark-2.1.1-bin-hadoop2.7/jars/scalap-2.11.8.jar:/home/ubuntu/spark-2.1.1-bin-hadoop2.7/jars/super-csv-2.2.0.jar:/home/ubuntu/spark-2.1.1-bin-hadoop2.7/jars/jul-to-slf4j-1.7.16.jar:/home/ubuntu/spark-2.1.1-bin-hadoop2.7/jars/hadoop-mapreduce-client-shuffle-2.7.3.jar:/home/ubuntu/spark-2.1.1-bin-hadoop2.7/jars/libfb303-0.9.3.jar:/home/ubuntu/spark-2.1.1-bin-hadoop2.7/jars/jdo-api-3.0.1.jar:/home/ubuntu/spark-2.1.1-bin-hadoop2.7/jars/jersey-guava-2.22.2.jar:/home/ubuntu/spark-2.1.1-bin-hadoop2.7/jars/arpack_combined_all-0.1.jar:/home/ubuntu/spark-2.1.1-bin-hadoop2.7/jars/scala-parser-combinators_2.11-1.0.4.jar:/home/ubuntu/spark-2.1.1-bin-hadoop2.7/jars/chill_2.11-0.8.0.jar:/home/ubuntu/spark-2.1.1-bin-hadoop2.7/jars/javax.annotation-api-1.2.jar:/home/ubuntu/spark-2.1.1-bin-hadoop2.7/jars/joda-time-2.9.3.jar:/home/ubuntu/spark-2.1.1-bin-hadoop2.7/jars/antlr-runtime-3.4.jar:/home/u
Launcher Type: SUN_STANDARD

Environment Variables:
PATH=/home/ubuntu/.local/bin:/home/ubuntu/bin:/home/ubuntu/.local/bin:/usr/local/sbin:/usr/local/bin:/usr/sbin:/usr/bin:/sbin:/bin:/usr/games:/usr/local/games:/snap/bin
SHELL=/bin/bash

Signal Handlers:
SIGSEGV: [libjvm.so+0xa783e0], sa_mask[0]=11111111011111111101111111111110, sa_flags=SA_RESTART|SA_SIGINFO
SIGBUS: [libjvm.so+0xa783e0], sa_mask[0]=11111111011111111101111111111110, sa_flags=SA_RESTART|SA_SIGINFO
SIGFPE: [libjvm.so+0x8c0e10], sa_mask[0]=11111111011111111101111111111110, sa_flags=SA_RESTART|SA_SIGINFO
SIGPIPE: [libjvm.so+0x8c0e10], sa_mask[0]=11111111011111111101111111111110, sa_flags=SA_RESTART|SA_SIGINFO
SIGXFSZ: [libjvm.so+0x8c0e10], sa_mask[0]=11111111011111111101111111111110, sa_flags=SA_RESTART|SA_SIGINFO
SIGILL: [libjvm.so+0x8c0e10], sa_mask[0]=11111111011111111101111111111110, sa_flags=SA_RESTART|SA_SIGINFO
SIGUSR1: SIG_DFL, sa_mask[0]=00000000000000000000000000000000, sa_flags=none
SIGUSR2: [libjvm.so+0x8c0cc0], sa_mask[0]=00000000000000000000000000000000, sa_flags=SA_RESTART|SA_SIGINFO
SIGHUP: [libjvm.so+0x8c1350], sa_mask[0]=11111111011111111101111111111110, sa_flags=SA_RESTART|SA_SIGINFO
SIGINT: SIG_IGN, sa_mask[0]=00000000000000000000000000000000, sa_flags=none
SIGTERM: [libjvm.so+0x8c1350], sa_mask[0]=11111111011111111101111111111110, sa_flags=SA_RESTART|SA_SIGINFO
SIGQUIT: [libjvm.so+0x8c1350], sa_mask[0]=11111111011111111101111111111110, sa_flags=SA_RESTART|SA_SIGINFO


---------------  S Y S T E M  ---------------

OS:DISTRIB_ID=Ubuntu
DISTRIB_RELEASE=16.04
DISTRIB_CODENAME=xenial
DISTRIB_DESCRIPTION="Ubuntu 16.04.4 LTS"

uname:Linux 4.4.0-1065-aws #75-Ubuntu SMP Fri Aug 10 11:14:32 UTC 2018 x86_64
libc:glibc 2.23 NPTL 2.23 
rlimit: STACK 8192k, CORE 0k, NPROC 3900, NOFILE 1048576, AS infinity
load average:8.47 7.99 6.11

/proc/meminfo:
MemTotal:        1014500 kB
MemFree:           62948 kB
MemAvailable:       5696 kB
Buffers:             276 kB
Cached:            20568 kB
SwapCached:            0 kB
Active:           869476 kB
Inactive:          16456 kB
Active(anon):     867948 kB
Inactive(anon):    10328 kB
Active(file):       1528 kB
Inactive(file):     6128 kB
Unevictable:        3652 kB
Mlocked:            3652 kB
SwapTotal:             0 kB
SwapFree:              0 kB
Dirty:                92 kB
Writeback:             0 kB
AnonPages:        868808 kB
Mapped:             8112 kB
Shmem:             10696 kB
Slab:              38524 kB
SReclaimable:      20660 kB
SUnreclaim:        17864 kB
KernelStack:        4176 kB
PageTables:         5728 kB
NFS_Unstable:          0 kB
Bounce:                0 kB
WritebackTmp:          0 kB
CommitLimit:      507248 kB
Committed_AS:    1307296 kB
VmallocTotal:   34359738367 kB
VmallocUsed:           0 kB
VmallocChunk:          0 kB
HardwareCorrupted:     0 kB
AnonHugePages:    231424 kB
CmaTotal:              0 kB
CmaFree:               0 kB
HugePages_Total:       0
HugePages_Free:        0
HugePages_Rsvd:        0
HugePages_Surp:        0
Hugepagesize:       2048 kB
DirectMap4k:       53248 kB
DirectMap2M:      995328 kB

container (cgroup) information:
container_type: cgroupv1
cpu_cpuset_cpus: 0
cpu_memory_nodes: 0
active_processor_count: 1
cpu_quota: -1
cpu_period: 100000
cpu_shares: -1
memory_limit_in_bytes: -1
memory_and_swap_limit_in_bytes: -2
memory_soft_limit_in_bytes: -1
memory_usage_in_bytes: 878489600
memory_max_usage_in_bytes: 886001664


CPU:total 1 (initial active 1) (1 cores per cpu, 1 threads per core) family 6 model 63 stepping 2, cmov, cx8, fxsr, mmx, sse, sse2, sse3, ssse3, sse4.1, sse4.2, popcnt, avx, avx2, aes, clmul, erms, lzcnt, tsc, bmi1, bmi2

/proc/cpuinfo:
processor	: 0
vendor_id	: GenuineIntel
cpu family	: 6
model		: 63
model name	: Intel(R) Xeon(R) CPU E5-2676 v3 @ 2.40GHz
stepping	: 2
microcode	: 0x43
cpu MHz		: 2400.022
cache size	: 30720 KB
physical id	: 0
siblings	: 1
core id		: 0
cpu cores	: 1
apicid		: 0
initial apicid	: 0
fpu		: yes
fpu_exception	: yes
cpuid level	: 13
wp		: yes
flags		: fpu vme de pse tsc msr pae mce cx8 apic sep mtrr pge mca cmov pat pse36 clflush mmx fxsr sse sse2 ht syscall nx rdtscp lm constant_tsc rep_good nopl xtopology eagerfpu pni pclmulqdq ssse3 fma cx16 pcid sse4_1 sse4_2 x2apic movbe popcnt tsc_deadline_timer aes xsave avx f16c rdrand hypervisor lahf_lm abm invpcid_single kaiser fsgsbase bmi1 avx2 smep bmi2 erms invpcid xsaveopt
bugs		: cpu_meltdown spectre_v1 spectre_v2 spec_store_bypass l1tf
bogomips	: 4800.04
clflush size	: 64
cache_alignment	: 64
address sizes	: 46 bits physical, 48 bits virtual
power management:



Memory: 4k page, physical 1014500k(62644k free), swap 0k(0k free)

vm_info: OpenJDK 64-Bit Server VM (25.222-b10) for linux-amd64 JRE (1.8.0_222-8u222-b10-1ubuntu1~16.04.1-b10), built on Jul 18 2019 20:25:18 by "buildd" with gcc 5.4.0 20160609

time: Fri Oct 18 08:57:40 2019
timezone: UTC
elapsed time: 3039 seconds (0d 0h 50m 39s)

